# JRE version: OpenJDK Runtime Environment (8.0_152-b01) (build 1.8.0_152-release-915-b01)
# Java VM: OpenJDK 64-Bit Server VM (25.152-b01 mixed mode windows-amd64 compressed oops)
Heap:
 PSYoungGen      total 426496K, used 288514K [0x00000000e0000000, 0x00000000fd300000, 0x0000000100000000)
  eden space 403456K, 65% used [0x00000000e0000000,0x00000000f03b66e0,0x00000000f8a00000)
  from space 23040K, 97% used [0x00000000fab80000,0x00000000fc18a330,0x00000000fc200000)
  to   space 17408K, 0% used [0x00000000fc200000,0x00000000fc200000,0x00000000fd300000)
 ParOldGen       total 107520K, used 60707K [0x00000000a0000000, 0x00000000a6900000, 0x00000000e0000000)
  object space 107520K, 56% used [0x00000000a0000000,0x00000000a3b48c50,0x00000000a6900000)
 Metaspace       used 82766K, capacity 90278K, committed 90496K, reserved 1128448K
  class space    used 10681K, capacity 12343K, committed 12416K, reserved 1048576K
GC Heap History (10 events):
Event: 1055.880 GC heap before
{Heap before GC invocations=16 (full 3):
 PSYoungGen      total 493568K, used 467354K [0x00000000e0000000, 0x0000000100000000, 0x0000000100000000)
  eden space 462336K, 99% used [0x00000000e0000000,0x00000000fc0b8098,0x00000000fc380000)
  from space 31232K, 25% used [0x00000000fe180000,0x00000000fe92eb30,0x0000000100000000)
  to   space 30720K, 0% used [0x00000000fc380000,0x00000000fc380000,0x00000000fe180000)
 ParOldGen       total 107520K, used 60667K [0x00000000a0000000, 0x00000000a6900000, 0x00000000e0000000)
  object space 107520K, 56% used [0x00000000a0000000,0x00000000a3b3ec50,0x00000000a6900000)
 Metaspace       used 76368K, capacity 81348K, committed 81536K, reserved 1120256K
  class space    used 9963K, capacity 11124K, committed 11136K, reserved 1048576K
Event: 1055.890 GC heap after
Heap after GC invocations=16 (full 3):
 PSYoungGen      total 478720K, used 15891K [0x00000000e0000000, 0x00000000ffd80000, 0x0000000100000000)
  eden space 462336K, 0% used [0x00000000e0000000,0x00000000e0000000,0x00000000fc380000)
  from space 16384K, 96% used [0x00000000fc380000,0x00000000fd304c78,0x00000000fd380000)
  to   space 29696K, 0% used [0x00000000fe080000,0x00000000fe080000,0x00000000ffd80000)
 ParOldGen       total 107520K, used 60675K [0x00000000a0000000, 0x00000000a6900000, 0x00000000e0000000)
  object space 107520K, 56% used [0x00000000a0000000,0x00000000a3b40c50,0x00000000a6900000)
 Metaspace       used 76368K, capacity 81348K, committed 81536K, reserved 1120256K
  class space    used 9963K, capacity 11124K, committed 11136K, reserved 1048576K
}
Event: 1265.514 GC heap before
{Heap before GC invocations=17 (full 3):
 PSYoungGen      total 478720K, used 478216K [0x00000000e0000000, 0x00000000ffd80000, 0x0000000100000000)
  eden space 462336K, 99% used [0x00000000e0000000,0x00000000fc37d448,0x00000000fc380000)
  from space 16384K, 96% used [0x00000000fc380000,0x00000000fd304c78,0x00000000fd380000)
  to   space 29696K, 0% used [0x00000000fe080000,0x00000000fe080000,0x00000000ffd80000)
 ParOldGen       total 107520K, used 60675K [0x00000000a0000000, 0x00000000a6900000, 0x00000000e0000000)
  object space 107520K, 56% used [0x00000000a0000000,0x00000000a3b40c50,0x00000000a6900000)
 Metaspace       used 77118K, capacity 82632K, committed 82816K, reserved 1120256K
  class space    used 10036K, capacity 11292K, committed 11392K, reserved 1048576K
Event: 1265.525 GC heap after
Heap after GC invocations=17 (full 3):
 PSYoungGen      total 493056K, used 14390K [0x00000000e0000000, 0x0000000100000000, 0x0000000100000000)
  eden space 463360K, 0% used [0x00000000e0000000,0x00000000e0000000,0x00000000fc480000)
  from space 29696K, 48% used [0x00000000fe080000,0x00000000fee8d9e8,0x00000000ffd80000)
  to   space 28672K, 0% used [0x00000000fc480000,0x00000000fc480000,0x00000000fe080000)
 ParOldGen       total 107520K, used 60683K [0x00000000a0000000, 0x00000000a6900000, 0x00000000e0000000)
  object space 107520K, 56% used [0x00000000a0000000,0x00000000a3b42c50,0x00000000a6900000)
 Metaspace       used 77118K, capacity 82632K, committed 82816K, reserved 1120256K
  class space    used 10036K, capacity 11292K, committed 11392K, reserved 1048576K
}
Event: 1445.448 GC heap before
{Heap before GC invocations=18 (full 3):
 PSYoungGen      total 493056K, used 477750K [0x00000000e0000000, 0x0000000100000000, 0x0000000100000000)
  eden space 463360K, 100% used [0x00000000e0000000,0x00000000fc480000,0x00000000fc480000)
  from space 29696K, 48% used [0x00000000fe080000,0x00000000fee8d9e8,0x00000000ffd80000)
  to   space 28672K, 0% used [0x00000000fc480000,0x00000000fc480000,0x00000000fe080000)
 ParOldGen       total 107520K, used 60683K [0x00000000a0000000, 0x00000000a6900000, 0x00000000e0000000)
  object space 107520K, 56% used [0x00000000a0000000,0x00000000a3b42c50,0x00000000a6900000)
 Metaspace       used 77638K, capacity 83408K, committed 83712K, reserved 1122304K
  class space    used 10071K, capacity 11416K, committed 11520K, reserved 1048576K
Event: 1445.463 GC heap after
Heap after GC invocations=18 (full 3):
 PSYoungGen      total 456704K, used 14247K [0x00000000e0000000, 0x00000000fe500000, 0x0000000100000000)
  eden space 442368K, 0% used [0x00000000e0000000,0x00000000e0000000,0x00000000fb000000)
  from space 14336K, 99% used [0x00000000fc480000,0x00000000fd269c38,0x00000000fd280000)
  to   space 18944K, 0% used [0x00000000fd280000,0x00000000fd280000,0x00000000fe500000)
 ParOldGen       total 107520K, used 60691K [0x00000000a0000000, 0x00000000a6900000, 0x00000000e0000000)
  object space 107520K, 56% used [0x00000000a0000000,0x00000000a3b44c50,0x00000000a6900000)
 Metaspace       used 77638K, capacity 83408K, committed 83712K, reserved 1122304K
  class space    used 10071K, capacity 11416K, committed 11520K, reserved 1048576K
}
Event: 1616.315 GC heap before
{Heap before GC invocations=19 (full 3):
 PSYoungGen      total 456704K, used 456615K [0x00000000e0000000, 0x00000000fe500000, 0x0000000100000000)
  eden space 442368K, 100% used [0x00000000e0000000,0x00000000fb000000,0x00000000fb000000)
  from space 14336K, 99% used [0x00000000fc480000,0x00000000fd269c38,0x00000000fd280000)
  to   space 18944K, 0% used [0x00000000fd280000,0x00000000fd280000,0x00000000fe500000)
 ParOldGen       total 107520K, used 60691K [0x00000000a0000000, 0x00000000a6900000, 0x00000000e0000000)
  object space 107520K, 56% used [0x00000000a0000000,0x00000000a3b44c50,0x00000000a6900000)
 Metaspace       used 78227K, capacity 84432K, committed 84608K, reserved 1122304K
  class space    used 10142K, capacity 11572K, committed 11648K, reserved 1048576K
Event: 1616.324 GC heap after
Heap after GC invocations=19 (full 3):
 PSYoungGen      total 434688K, used 11979K [0x00000000e0000000, 0x00000000fde80000, 0x0000000100000000)
  eden space 422400K, 0% used [0x00000000e0000000,0x00000000e0000000,0x00000000f9c80000)
  from space 12288K, 97% used [0x00000000fd280000,0x00000000fde32db0,0x00000000fde80000)
  to   space 26112K, 0% used [0x00000000fab80000,0x00000000fab80000,0x00000000fc500000)
 ParOldGen       total 107520K, used 60699K [0x00000000a0000000, 0x00000000a6900000, 0x00000000e0000000)
  object space 107520K, 56% used [0x00000000a0000000,0x00000000a3b46c50,0x00000000a6900000)
 Metaspace       used 78227K, capacity 84432K, committed 84608K, reserved 1122304K
  class space    used 10142K, capacity 11572K, committed 11648K, reserved 1048576K
}
Event: 2027.426 GC heap before
{Heap before GC invocations=20 (full 3):
 PSYoungGen      total 434688K, used 434379K [0x00000000e0000000, 0x00000000fde80000, 0x0000000100000000)
  eden space 422400K, 100% used [0x00000000e0000000,0x00000000f9c80000,0x00000000f9c80000)
  from space 12288K, 97% used [0x00000000fd280000,0x00000000fde32db0,0x00000000fde80000)
  to   space 26112K, 0% used [0x00000000fab80000,0x00000000fab80000,0x00000000fc500000)
 ParOldGen       total 107520K, used 60699K [0x00000000a0000000, 0x00000000a6900000, 0x00000000e0000000)
  object space 107520K, 56% used [0x00000000a0000000,0x00000000a3b46c50,0x00000000a6900000)
 Metaspace       used 82203K, capacity 89668K, committed 89856K, reserved 1126400K
  class space    used 10642K, capacity 12258K, committed 12288K, reserved 1048576K
Event: 2027.454 GC heap after
Heap after GC invocations=20 (full 3):
 PSYoungGen      total 426496K, used 22568K [0x00000000e0000000, 0x00000000fd300000, 0x0000000100000000)
  eden space 403456K, 0% used [0x00000000e0000000,0x00000000e0000000,0x00000000f8a00000)
  from space 23040K, 97% used [0x00000000fab80000,0x00000000fc18a330,0x00000000fc200000)
  to   space 17408K, 0% used [0x00000000fc200000,0x00000000fc200000,0x00000000fd300000)
 ParOldGen       total 107520K, used 60707K [0x00000000a0000000, 0x00000000a6900000, 0x00000000e0000000)
  object space 107520K, 56% used [0x00000000a0000000,0x00000000a3b48c50,0x00000000a6900000)
 Metaspace       used 82203K, capacity 89668K, committed 89856K, reserved 1126400K
  class space    used 10642K, capacity 12258K, committed 12288K, reserved 1048576K
}

