# JRE version: OpenJDK Runtime Environment (8.0_152-b01) (build 1.8.0_152-release-915-b01)
# Java VM: OpenJDK 64-Bit Server VM (25.152-b01 mixed mode windows-amd64 compressed oops)
Heap:
 PSYoungGen      total 279040K, used 256663K [0x00000000e0000000, 0x00000000f2b80000, 0x0000000100000000)
  eden space 265216K, 91% used [0x00000000e0000000,0x00000000eed2ae18,0x00000000f0300000)
  from space 13824K, 99% used [0x00000000f1380000,0x00000000f20faf48,0x00000000f2100000)
  to   space 16896K, 54% used [0x00000000f0300000,0x00000000f0c00210,0x00000000f1380000)
 ParOldGen       total 64000K, used 19467K [0x00000000a0000000, 0x00000000a3e80000, 0x00000000e0000000)
  object space 64000K, 30% used [0x00000000a0000000,0x00000000a1302c60,0x00000000a3e80000)
 Metaspace       used 56545K, capacity 59020K, committed 59028K, reserved 1099776K
  class space    used 7772K, capacity 8442K, committed 8448K, reserved 1048576K
GC Heap History (10 events):
Event: 26.019 GC heap after
Heap after GC invocations=6 (full 1):
 PSYoungGen      total 102400K, used 4080K [0x00000000e0000000, 0x00000000eb980000, 0x0000000100000000)
  eden space 98304K, 0% used [0x00000000e0000000,0x00000000e0000000,0x00000000e6000000)
  from space 4096K, 99% used [0x00000000e6000000,0x00000000e63fc010,0x00000000e6400000)
  to   space 12288K, 0% used [0x00000000ead80000,0x00000000ead80000,0x00000000eb980000)
 ParOldGen       total 47616K, used 14349K [0x00000000a0000000, 0x00000000a2e80000, 0x00000000e0000000)
  object space 47616K, 30% used [0x00000000a0000000,0x00000000a0e03748,0x00000000a2e80000)
 Metaspace       used 27359K, capacity 28070K, committed 28416K, reserved 1073152K
  class space    used 3734K, capacity 3989K, committed 4096K, reserved 1048576K
}
Event: 27.239 GC heap before
{Heap before GC invocations=7 (full 1):
 PSYoungGen      total 102400K, used 102384K [0x00000000e0000000, 0x00000000eb980000, 0x0000000100000000)
  eden space 98304K, 100% used [0x00000000e0000000,0x00000000e6000000,0x00000000e6000000)
  from space 4096K, 99% used [0x00000000e6000000,0x00000000e63fc010,0x00000000e6400000)
  to   space 12288K, 0% used [0x00000000ead80000,0x00000000ead80000,0x00000000eb980000)
 ParOldGen       total 47616K, used 14349K [0x00000000a0000000, 0x00000000a2e80000, 0x00000000e0000000)
  object space 47616K, 30% used [0x00000000a0000000,0x00000000a0e03748,0x00000000a2e80000)
 Metaspace       used 32256K, capacity 33020K, committed 33152K, reserved 1077248K
  class space    used 4430K, capacity 4721K, committed 4736K, reserved 1048576K
Event: 27.250 GC heap after
Heap after GC invocations=7 (full 1):
 PSYoungGen      total 170496K, used 10018K [0x00000000e0000000, 0x00000000eb780000, 0x0000000100000000)
  eden space 160256K, 0% used [0x00000000e0000000,0x00000000e0000000,0x00000000e9c80000)
  from space 10240K, 97% used [0x00000000ead80000,0x00000000eb748bb0,0x00000000eb780000)
  to   space 13312K, 0% used [0x00000000e9d80000,0x00000000e9d80000,0x00000000eaa80000)
 ParOldGen       total 47616K, used 14421K [0x00000000a0000000, 0x00000000a2e80000, 0x00000000e0000000)
  object space 47616K, 30% used [0x00000000a0000000,0x00000000a0e15758,0x00000000a2e80000)
 Metaspace       used 32256K, capacity 33020K, committed 33152K, reserved 1077248K
  class space    used 4430K, capacity 4721K, committed 4736K, reserved 1048576K
}
Event: 27.722 GC heap before
{Heap before GC invocations=8 (full 1):
 PSYoungGen      total 170496K, used 36786K [0x00000000e0000000, 0x00000000eb780000, 0x0000000100000000)
  eden space 160256K, 16% used [0x00000000e0000000,0x00000000e1a23c70,0x00000000e9c80000)
  from space 10240K, 97% used [0x00000000ead80000,0x00000000eb748bb0,0x00000000eb780000)
  to   space 13312K, 0% used [0x00000000e9d80000,0x00000000e9d80000,0x00000000eaa80000)
 ParOldGen       total 47616K, used 14421K [0x00000000a0000000, 0x00000000a2e80000, 0x00000000e0000000)
  object space 47616K, 30% used [0x00000000a0000000,0x00000000a0e15758,0x00000000a2e80000)
 Metaspace       used 34449K, capacity 35354K, committed 35416K, reserved 1079296K
  class space    used 4706K, capacity 5099K, committed 5120K, reserved 1048576K
Event: 27.775 GC heap after
Heap after GC invocations=8 (full 1):
 PSYoungGen      total 174592K, used 10164K [0x00000000e0000000, 0x00000000f2100000, 0x0000000100000000)
  eden space 161280K, 0% used [0x00000000e0000000,0x00000000e0000000,0x00000000e9d80000)
  from space 13312K, 76% used [0x00000000e9d80000,0x00000000ea76d3a0,0x00000000eaa80000)
  to   space 13824K, 0% used [0x00000000f1380000,0x00000000f1380000,0x00000000f2100000)
 ParOldGen       total 47616K, used 14421K [0x00000000a0000000, 0x00000000a2e80000, 0x00000000e0000000)
  object space 47616K, 30% used [0x00000000a0000000,0x00000000a0e15758,0x00000000a2e80000)
 Metaspace       used 34449K, capacity 35354K, committed 35416K, reserved 1079296K
  class space    used 4706K, capacity 5099K, committed 5120K, reserved 1048576K
}
Event: 27.775 GC heap before
{Heap before GC invocations=9 (full 2):
 PSYoungGen      total 174592K, used 10164K [0x00000000e0000000, 0x00000000f2100000, 0x0000000100000000)
  eden space 161280K, 0% used [0x00000000e0000000,0x00000000e0000000,0x00000000e9d80000)
  from space 13312K, 76% used [0x00000000e9d80000,0x00000000ea76d3a0,0x00000000eaa80000)
  to   space 13824K, 0% used [0x00000000f1380000,0x00000000f1380000,0x00000000f2100000)
 ParOldGen       total 47616K, used 14421K [0x00000000a0000000, 0x00000000a2e80000, 0x00000000e0000000)
  object space 47616K, 30% used [0x00000000a0000000,0x00000000a0e15758,0x00000000a2e80000)
 Metaspace       used 34449K, capacity 35354K, committed 35416K, reserved 1079296K
  class space    used 4706K, capacity 5099K, committed 5120K, reserved 1048576K
Event: 28.129 GC heap after
Heap after GC invocations=9 (full 2):
 PSYoungGen      total 174592K, used 0K [0x00000000e0000000, 0x00000000f2100000, 0x0000000100000000)
  eden space 161280K, 0% used [0x00000000e0000000,0x00000000e0000000,0x00000000e9d80000)
  from space 13312K, 0% used [0x00000000e9d80000,0x00000000e9d80000,0x00000000eaa80000)
  to   space 13824K, 0% used [0x00000000f1380000,0x00000000f1380000,0x00000000f2100000)
 ParOldGen       total 64000K, used 16970K [0x00000000a0000000, 0x00000000a3e80000, 0x00000000e0000000)
  object space 64000K, 26% used [0x00000000a0000000,0x00000000a1092968,0x00000000a3e80000)
 Metaspace       used 34449K, capacity 35354K, committed 35416K, reserved 1079296K
  class space    used 4706K, capacity 5099K, committed 5120K, reserved 1048576K
}
Event: 30.230 GC heap before
{Heap before GC invocations=10 (full 2):
 PSYoungGen      total 174592K, used 161280K [0x00000000e0000000, 0x00000000f2100000, 0x0000000100000000)
  eden space 161280K, 100% used [0x00000000e0000000,0x00000000e9d80000,0x00000000e9d80000)
  from space 13312K, 0% used [0x00000000e9d80000,0x00000000e9d80000,0x00000000eaa80000)
  to   space 13824K, 0% used [0x00000000f1380000,0x00000000f1380000,0x00000000f2100000)
 ParOldGen       total 64000K, used 16970K [0x00000000a0000000, 0x00000000a3e80000, 0x00000000e0000000)
  object space 64000K, 26% used [0x00000000a0000000,0x00000000a1092968,0x00000000a3e80000)
 Metaspace       used 47483K, capacity 48726K, committed 48896K, reserved 1091584K
  class space    used 6389K, capacity 6843K, committed 6912K, reserved 1048576K
Event: 30.248 GC heap after
Heap after GC invocations=10 (full 2):
 PSYoungGen      total 279040K, used 13803K [0x00000000e0000000, 0x00000000f2b80000, 0x0000000100000000)
  eden space 265216K, 0% used [0x00000000e0000000,0x00000000e0000000,0x00000000f0300000)
  from space 13824K, 99% used [0x00000000f1380000,0x00000000f20faf48,0x00000000f2100000)
  to   space 16896K, 0% used [0x00000000f0300000,0x00000000f0300000,0x00000000f1380000)
 ParOldGen       total 64000K, used 19467K [0x00000000a0000000, 0x00000000a3e80000, 0x00000000e0000000)
  object space 64000K, 30% used [0x00000000a0000000,0x00000000a1302c60,0x00000000a3e80000)
 Metaspace       used 47483K, capacity 48726K, committed 48896K, reserved 1091584K
  class space    used 6389K, capacity 6843K, committed 6912K, reserved 1048576K
}
Event: 32.522 GC heap before
{Heap before GC invocations=11 (full 2):
 PSYoungGen      total 279040K, used 256663K [0x00000000e0000000, 0x00000000f2b80000, 0x0000000100000000)
  eden space 265216K, 91% used [0x00000000e0000000,0x00000000eed2ae18,0x00000000f0300000)
  from space 13824K, 99% used [0x00000000f1380000,0x00000000f20faf48,0x00000000f2100000)
  to   space 16896K, 0% used [0x00000000f0300000,0x00000000f0300000,0x00000000f1380000)
 ParOldGen       total 64000K, used 19467K [0x00000000a0000000, 0x00000000a3e80000, 0x00000000e0000000)
  object space 64000K, 30% used [0x00000000a0000000,0x00000000a1302c60,0x00000000a3e80000)
 Metaspace       used 56545K, capacity 59020K, committed 59028K, reserved 1099776K
  class space    used 7772K, capacity 8442K, committed 8448K, reserved 1048576K

