# JRE version: OpenJDK Runtime Environment (8.0_152-b01) (build 1.8.0_152-release-915-b01)
# Java VM: OpenJDK 64-Bit Server VM (25.152-b01 mixed mode windows-amd64 compressed oops)
Heap:
 PSYoungGen      total 327680K, used 317369K [0x00000000e0000000, 0x00000000f6400000, 0x0000000100000000)
  eden space 294912K, 100% used [0x00000000e0000000,0x00000000f2000000,0x00000000f2000000)
  from space 32768K, 68% used [0x00000000f4100000,0x00000000f56ee768,0x00000000f6100000)
  to   space 33792K, 55% used [0x00000000f2000000,0x00000000f326a5e0,0x00000000f4100000)
 ParOldGen       total 180224K, used 48583K [0x00000000a0000000, 0x00000000ab000000, 0x00000000e0000000)
  object space 180224K, 26% used [0x00000000a0000000,0x00000000a2f71d40,0x00000000ab000000)
 Metaspace       used 92703K, capacity 102738K, committed 102828K, reserved 1138688K
  class space    used 11773K, capacity 14234K, committed 14252K, reserved 1048576K
GC Heap History (10 events):
Event: 3625.649 GC heap after
Heap after GC invocations=42 (full 4):
 PSYoungGen      total 320000K, used 11873K [0x00000000e0000000, 0x00000000f5f80000, 0x0000000100000000)
  eden space 286208K, 0% used [0x00000000e0000000,0x00000000e0000000,0x00000000f1780000)
  from space 33792K, 35% used [0x00000000f3e80000,0x00000000f4a18408,0x00000000f5f80000)
  to   space 36864K, 0% used [0x00000000f1780000,0x00000000f1780000,0x00000000f3b80000)
 ParOldGen       total 180224K, used 48559K [0x00000000a0000000, 0x00000000ab000000, 0x00000000e0000000)
  object space 180224K, 26% used [0x00000000a0000000,0x00000000a2f6bd40,0x00000000ab000000)
 Metaspace       used 89535K, capacity 97826K, committed 99244K, reserved 1134592K
  class space    used 11198K, capacity 13119K, committed 13484K, reserved 1048576K
}
Event: 4432.074 GC heap before
{Heap before GC invocations=43 (full 4):
 PSYoungGen      total 320000K, used 298081K [0x00000000e0000000, 0x00000000f5f80000, 0x0000000100000000)
  eden space 286208K, 100% used [0x00000000e0000000,0x00000000f1780000,0x00000000f1780000)
  from space 33792K, 35% used [0x00000000f3e80000,0x00000000f4a18408,0x00000000f5f80000)
  to   space 36864K, 0% used [0x00000000f1780000,0x00000000f1780000,0x00000000f3b80000)
 ParOldGen       total 180224K, used 48559K [0x00000000a0000000, 0x00000000ab000000, 0x00000000e0000000)
  object space 180224K, 26% used [0x00000000a0000000,0x00000000a2f6bd40,0x00000000ab000000)
 Metaspace       used 89693K, capacity 98074K, committed 99244K, reserved 1134592K
  class space    used 11221K, capacity 13199K, committed 13484K, reserved 1048576K
Event: 4432.096 GC heap after
Heap after GC invocations=43 (full 4):
 PSYoungGen      total 323072K, used 11520K [0x00000000e0000000, 0x00000000f6380000, 0x0000000100000000)
  eden space 286208K, 0% used [0x00000000e0000000,0x00000000e0000000,0x00000000f1780000)
  from space 36864K, 31% used [0x00000000f1780000,0x00000000f22c0040,0x00000000f3b80000)
  to   space 35328K, 0% used [0x00000000f4100000,0x00000000f4100000,0x00000000f6380000)
 ParOldGen       total 180224K, used 48567K [0x00000000a0000000, 0x00000000ab000000, 0x00000000e0000000)
  object space 180224K, 26% used [0x00000000a0000000,0x00000000a2f6dd40,0x00000000ab000000)
 Metaspace       used 89693K, capacity 98074K, committed 99244K, reserved 1134592K
  class space    used 11221K, capacity 13199K, committed 13484K, reserved 1048576K
}
Event: 4670.253 GC heap before
{Heap before GC invocations=44 (full 4):
 PSYoungGen      total 323072K, used 297728K [0x00000000e0000000, 0x00000000f6380000, 0x0000000100000000)
  eden space 286208K, 100% used [0x00000000e0000000,0x00000000f1780000,0x00000000f1780000)
  from space 36864K, 31% used [0x00000000f1780000,0x00000000f22c0040,0x00000000f3b80000)
  to   space 35328K, 0% used [0x00000000f4100000,0x00000000f4100000,0x00000000f6380000)
 ParOldGen       total 180224K, used 48567K [0x00000000a0000000, 0x00000000ab000000, 0x00000000e0000000)
  object space 180224K, 26% used [0x00000000a0000000,0x00000000a2f6dd40,0x00000000ab000000)
 Metaspace       used 90092K, capacity 98768K, committed 99628K, reserved 1134592K
  class space    used 11267K, capacity 13322K, committed 13612K, reserved 1048576K
Event: 4670.265 GC heap after
Heap after GC invocations=44 (full 4):
 PSYoungGen      total 322560K, used 12233K [0x00000000e0000000, 0x00000000f5f00000, 0x0000000100000000)
  eden space 291840K, 0% used [0x00000000e0000000,0x00000000e0000000,0x00000000f1d00000)
  from space 30720K, 39% used [0x00000000f4100000,0x00000000f4cf2658,0x00000000f5f00000)
  to   space 33792K, 0% used [0x00000000f1d00000,0x00000000f1d00000,0x00000000f3e00000)
 ParOldGen       total 180224K, used 48567K [0x00000000a0000000, 0x00000000ab000000, 0x00000000e0000000)
  object space 180224K, 26% used [0x00000000a0000000,0x00000000a2f6dd40,0x00000000ab000000)
 Metaspace       used 90092K, capacity 98768K, committed 99628K, reserved 1134592K
  class space    used 11267K, capacity 13322K, committed 13612K, reserved 1048576K
}
Event: 4871.606 GC heap before
{Heap before GC invocations=45 (full 4):
 PSYoungGen      total 322560K, used 304073K [0x00000000e0000000, 0x00000000f5f00000, 0x0000000100000000)
  eden space 291840K, 100% used [0x00000000e0000000,0x00000000f1d00000,0x00000000f1d00000)
  from space 30720K, 39% used [0x00000000f4100000,0x00000000f4cf2658,0x00000000f5f00000)
  to   space 33792K, 0% used [0x00000000f1d00000,0x00000000f1d00000,0x00000000f3e00000)
 ParOldGen       total 180224K, used 48567K [0x00000000a0000000, 0x00000000ab000000, 0x00000000e0000000)
  object space 180224K, 26% used [0x00000000a0000000,0x00000000a2f6dd40,0x00000000ab000000)
 Metaspace       used 90281K, capacity 99076K, committed 99884K, reserved 1136640K
  class space    used 11290K, capacity 13402K, committed 13612K, reserved 1048576K
Event: 4871.619 GC heap after
Heap after GC invocations=45 (full 4):
 PSYoungGen      total 325632K, used 11833K [0x00000000e0000000, 0x00000000f6100000, 0x0000000100000000)
  eden space 291840K, 0% used [0x00000000e0000000,0x00000000e0000000,0x00000000f1d00000)
  from space 33792K, 35% used [0x00000000f1d00000,0x00000000f288e790,0x00000000f3e00000)
  to   space 32768K, 0% used [0x00000000f4100000,0x00000000f4100000,0x00000000f6100000)
 ParOldGen       total 180224K, used 48575K [0x00000000a0000000, 0x00000000ab000000, 0x00000000e0000000)
  object space 180224K, 26% used [0x00000000a0000000,0x00000000a2f6fd40,0x00000000ab000000)
 Metaspace       used 90281K, capacity 99076K, committed 99884K, reserved 1136640K
  class space    used 11290K, capacity 13402K, committed 13612K, reserved 1048576K
}
Event: 4907.983 GC heap before
{Heap before GC invocations=46 (full 4):
 PSYoungGen      total 325632K, used 303673K [0x00000000e0000000, 0x00000000f6100000, 0x0000000100000000)
  eden space 291840K, 100% used [0x00000000e0000000,0x00000000f1d00000,0x00000000f1d00000)
  from space 33792K, 35% used [0x00000000f1d00000,0x00000000f288e790,0x00000000f3e00000)
  to   space 32768K, 0% used [0x00000000f4100000,0x00000000f4100000,0x00000000f6100000)
 ParOldGen       total 180224K, used 48575K [0x00000000a0000000, 0x00000000ab000000, 0x00000000e0000000)
  object space 180224K, 26% used [0x00000000a0000000,0x00000000a2f6fd40,0x00000000ab000000)
 Metaspace       used 91325K, capacity 100728K, committed 100908K, reserved 1136640K
  class space    used 11515K, capacity 13765K, committed 13868K, reserved 1048576K
Event: 4908.076 GC heap after
Heap after GC invocations=46 (full 4):
 PSYoungGen      total 327680K, used 22457K [0x00000000e0000000, 0x00000000f6400000, 0x0000000100000000)
  eden space 294912K, 0% used [0x00000000e0000000,0x00000000e0000000,0x00000000f2000000)
  from space 32768K, 68% used [0x00000000f4100000,0x00000000f56ee768,0x00000000f6100000)
  to   space 33792K, 0% used [0x00000000f2000000,0x00000000f2000000,0x00000000f4100000)
 ParOldGen       total 180224K, used 48575K [0x00000000a0000000, 0x00000000ab000000, 0x00000000e0000000)
  object space 180224K, 26% used [0x00000000a0000000,0x00000000a2f6fd40,0x00000000ab000000)
 Metaspace       used 91325K, capacity 100728K, committed 100908K, reserved 1136640K
  class space    used 11515K, capacity 13765K, committed 13868K, reserved 1048576K
}
Event: 4937.049 GC heap before
{Heap before GC invocations=47 (full 4):
 PSYoungGen      total 327680K, used 317369K [0x00000000e0000000, 0x00000000f6400000, 0x0000000100000000)
  eden space 294912K, 100% used [0x00000000e0000000,0x00000000f2000000,0x00000000f2000000)
  from space 32768K, 68% used [0x00000000f4100000,0x00000000f56ee768,0x00000000f6100000)
  to   space 33792K, 0% used [0x00000000f2000000,0x00000000f2000000,0x00000000f4100000)
 ParOldGen       total 180224K, used 48575K [0x00000000a0000000, 0x00000000ab000000, 0x00000000e0000000)
  object space 180224K, 26% used [0x00000000a0000000,0x00000000a2f6fd40,0x00000000ab000000)
 Metaspace       used 92703K, capacity 102738K, committed 102828K, reserved 1138688K
  class space    used 11773K, capacity 14234K, committed 14252K, reserved 1048576K

