# JRE version: OpenJDK Runtime Environment (8.0_152-b01) (build 1.8.0_152-release-915-b01)
# Java VM: OpenJDK 64-Bit Server VM (25.152-b01 mixed mode windows-amd64 compressed oops)
Heap:
 PSYoungGen      total 302592K, used 16377K [0x00000000e0000000, 0x00000000f9180000, 0x0000000100000000)
  eden space 286208K, 0% used [0x00000000e0000000,0x00000000e0000000,0x00000000f1780000)
  from space 16384K, 99% used [0x00000000f1780000,0x00000000f277e7a0,0x00000000f2780000)
  to   space 27136K, 0% used [0x00000000f7700000,0x00000000f7700000,0x00000000f9180000)
 ParOldGen       total 65536K, used 38031K [0x00000000a0000000, 0x00000000a4000000, 0x00000000e0000000)
  object space 65536K, 58% used [0x00000000a0000000,0x00000000a2523cc8,0x00000000a4000000)
 Metaspace       used 56536K, capacity 58846K, committed 59028K, reserved 1099776K
  class space    used 7736K, capacity 8329K, committed 8448K, reserved 1048576K
GC Heap History (10 events):
Event: 4.795 GC heap after
Heap after GC invocations=7 (full 1):
 PSYoungGen      total 172544K, used 10068K [0x00000000e0000000, 0x00000000eb900000, 0x0000000100000000)
  eden space 161792K, 0% used [0x00000000e0000000,0x00000000e0000000,0x00000000e9e00000)
  from space 10752K, 93% used [0x00000000eae80000,0x00000000eb8550e0,0x00000000eb900000)
  to   space 13824K, 0% used [0x00000000e9e00000,0x00000000e9e00000,0x00000000eab80000)
 ParOldGen       total 48128K, used 15805K [0x00000000a0000000, 0x00000000a2f00000, 0x00000000e0000000)
  object space 48128K, 32% used [0x00000000a0000000,0x00000000a0f6f548,0x00000000a2f00000)
 Metaspace       used 33550K, capacity 34216K, committed 34304K, reserved 1079296K
  class space    used 4577K, capacity 4862K, committed 4864K, reserved 1048576K
}
Event: 4.839 GC heap before
{Heap before GC invocations=8 (full 1):
 PSYoungGen      total 172544K, used 12983K [0x00000000e0000000, 0x00000000eb900000, 0x0000000100000000)
  eden space 161792K, 1% used [0x00000000e0000000,0x00000000e02d8e08,0x00000000e9e00000)
  from space 10752K, 93% used [0x00000000eae80000,0x00000000eb8550e0,0x00000000eb900000)
  to   space 13824K, 0% used [0x00000000e9e00000,0x00000000e9e00000,0x00000000eab80000)
 ParOldGen       total 48128K, used 15805K [0x00000000a0000000, 0x00000000a2f00000, 0x00000000e0000000)
  object space 48128K, 32% used [0x00000000a0000000,0x00000000a0f6f548,0x00000000a2f00000)
 Metaspace       used 34628K, capacity 35304K, committed 35416K, reserved 1079296K
  class space    used 4724K, capacity 5034K, committed 5120K, reserved 1048576K
Event: 4.846 GC heap after
Heap after GC invocations=8 (full 1):
 PSYoungGen      total 175616K, used 7259K [0x00000000e0000000, 0x00000000f3780000, 0x0000000100000000)
  eden space 161792K, 0% used [0x00000000e0000000,0x00000000e0000000,0x00000000e9e00000)
  from space 13824K, 52% used [0x00000000e9e00000,0x00000000ea516c38,0x00000000eab80000)
  to   space 13312K, 0% used [0x00000000f2a80000,0x00000000f2a80000,0x00000000f3780000)
 ParOldGen       total 48128K, used 15805K [0x00000000a0000000, 0x00000000a2f00000, 0x00000000e0000000)
  object space 48128K, 32% used [0x00000000a0000000,0x00000000a0f6f548,0x00000000a2f00000)
 Metaspace       used 34628K, capacity 35304K, committed 35416K, reserved 1079296K
  class space    used 4724K, capacity 5034K, committed 5120K, reserved 1048576K
}
Event: 4.846 GC heap before
{Heap before GC invocations=9 (full 2):
 PSYoungGen      total 175616K, used 7259K [0x00000000e0000000, 0x00000000f3780000, 0x0000000100000000)
  eden space 161792K, 0% used [0x00000000e0000000,0x00000000e0000000,0x00000000e9e00000)
  from space 13824K, 52% used [0x00000000e9e00000,0x00000000ea516c38,0x00000000eab80000)
  to   space 13312K, 0% used [0x00000000f2a80000,0x00000000f2a80000,0x00000000f3780000)
 ParOldGen       total 48128K, used 15805K [0x00000000a0000000, 0x00000000a2f00000, 0x00000000e0000000)
  object space 48128K, 32% used [0x00000000a0000000,0x00000000a0f6f548,0x00000000a2f00000)
 Metaspace       used 34628K, capacity 35304K, committed 35416K, reserved 1079296K
  class space    used 4724K, capacity 5034K, committed 5120K, reserved 1048576K
Event: 4.923 GC heap after
Heap after GC invocations=9 (full 2):
 PSYoungGen      total 175616K, used 0K [0x00000000e0000000, 0x00000000f3780000, 0x0000000100000000)
  eden space 161792K, 0% used [0x00000000e0000000,0x00000000e0000000,0x00000000e9e00000)
  from space 13824K, 0% used [0x00000000e9e00000,0x00000000e9e00000,0x00000000eab80000)
  to   space 13312K, 0% used [0x00000000f2a80000,0x00000000f2a80000,0x00000000f3780000)
 ParOldGen       total 65536K, used 14566K [0x00000000a0000000, 0x00000000a4000000, 0x00000000e0000000)
  object space 65536K, 22% used [0x00000000a0000000,0x00000000a0e39b68,0x00000000a4000000)
 Metaspace       used 34628K, capacity 35304K, committed 35416K, reserved 1079296K
  class space    used 4724K, capacity 5034K, committed 5120K, reserved 1048576K
}
Event: 6.204 GC heap before
{Heap before GC invocations=10 (full 2):
 PSYoungGen      total 175616K, used 161792K [0x00000000e0000000, 0x00000000f3780000, 0x0000000100000000)
  eden space 161792K, 100% used [0x00000000e0000000,0x00000000e9e00000,0x00000000e9e00000)
  from space 13824K, 0% used [0x00000000e9e00000,0x00000000e9e00000,0x00000000eab80000)
  to   space 13312K, 0% used [0x00000000f2a80000,0x00000000f2a80000,0x00000000f3780000)
 ParOldGen       total 65536K, used 14566K [0x00000000a0000000, 0x00000000a4000000, 0x00000000e0000000)
  object space 65536K, 22% used [0x00000000a0000000,0x00000000a0e39b68,0x00000000a4000000)
 Metaspace       used 47216K, capacity 48322K, committed 48512K, reserved 1091584K
  class space    used 6346K, capacity 6717K, committed 6784K, reserved 1048576K
Event: 6.217 GC heap after
Heap after GC invocations=10 (full 2):
 PSYoungGen      total 274432K, used 13302K [0x00000000e0000000, 0x00000000f3780000, 0x0000000100000000)
  eden space 261120K, 0% used [0x00000000e0000000,0x00000000e0000000,0x00000000eff00000)
  from space 13312K, 99% used [0x00000000f2a80000,0x00000000f377db60,0x00000000f3780000)
  to   space 16384K, 0% used [0x00000000f1780000,0x00000000f1780000,0x00000000f2780000)
 ParOldGen       total 65536K, used 17699K [0x00000000a0000000, 0x00000000a4000000, 0x00000000e0000000)
  object space 65536K, 27% used [0x00000000a0000000,0x00000000a1148cf8,0x00000000a4000000)
 Metaspace       used 47216K, capacity 48322K, committed 48512K, reserved 1091584K
  class space    used 6346K, capacity 6717K, committed 6784K, reserved 1048576K
}
Event: 8.472 GC heap before
{Heap before GC invocations=11 (full 2):
 PSYoungGen      total 274432K, used 262462K [0x00000000e0000000, 0x00000000f3780000, 0x0000000100000000)
  eden space 261120K, 95% used [0x00000000e0000000,0x00000000ef351dd8,0x00000000eff00000)
  from space 13312K, 99% used [0x00000000f2a80000,0x00000000f377db60,0x00000000f3780000)
  to   space 16384K, 0% used [0x00000000f1780000,0x00000000f1780000,0x00000000f2780000)
 ParOldGen       total 65536K, used 17699K [0x00000000a0000000, 0x00000000a4000000, 0x00000000e0000000)
  object space 65536K, 27% used [0x00000000a0000000,0x00000000a1148cf8,0x00000000a4000000)
 Metaspace       used 56536K, capacity 58846K, committed 59028K, reserved 1099776K
  class space    used 7736K, capacity 8329K, committed 8448K, reserved 1048576K
Event: 8.558 GC heap after
Heap after GC invocations=11 (full 2):
 PSYoungGen      total 302592K, used 16377K [0x00000000e0000000, 0x00000000f9180000, 0x0000000100000000)
  eden space 286208K, 0% used [0x00000000e0000000,0x00000000e0000000,0x00000000f1780000)
  from space 16384K, 99% used [0x00000000f1780000,0x00000000f277e7a0,0x00000000f2780000)
  to   space 27136K, 0% used [0x00000000f7700000,0x00000000f7700000,0x00000000f9180000)
 ParOldGen       total 65536K, used 38031K [0x00000000a0000000, 0x00000000a4000000, 0x00000000e0000000)
  object space 65536K, 58% used [0x00000000a0000000,0x00000000a2523cc8,0x00000000a4000000)
 Metaspace       used 56536K, capacity 58846K, committed 59028K, reserved 1099776K
  class space    used 7736K, capacity 8329K, committed 8448K, reserved 1048576K
}
Event: 8.558 GC heap before
{Heap before GC invocations=12 (full 3):
 PSYoungGen      total 302592K, used 16377K [0x00000000e0000000, 0x00000000f9180000, 0x0000000100000000)
  eden space 286208K, 0% used [0x00000000e0000000,0x00000000e0000000,0x00000000f1780000)
  from space 16384K, 99% used [0x00000000f1780000,0x00000000f277e7a0,0x00000000f2780000)
  to   space 27136K, 0% used [0x00000000f7700000,0x00000000f7700000,0x00000000f9180000)
 ParOldGen       total 65536K, used 38031K [0x00000000a0000000, 0x00000000a4000000, 0x00000000e0000000)
  object space 65536K, 58% used [0x00000000a0000000,0x00000000a2523cc8,0x00000000a4000000)
 Metaspace       used 56536K, capacity 58846K, committed 59028K, reserved 1099776K
  class space    used 7736K, capacity 8329K, committed 8448K, reserved 1048576K

