# JRE version: OpenJDK Runtime Environment (8.0_152-b01) (build 1.8.0_152-release-915-b01)
# Java VM: OpenJDK 64-Bit Server VM (25.152-b01 mixed mode windows-amd64 compressed oops)
Heap:
 PSYoungGen      total 461312K, used 41807K [0x00000000e0000000, 0x0000000100000000, 0x0000000100000000)
  eden space 435200K, 5% used [0x00000000e0000000,0x00000000e1580ca0,0x00000000fa900000)
  from space 26112K, 75% used [0x00000000fa900000,0x00000000fbc530f8,0x00000000fc280000)
  to   space 27648K, 0% used [0x00000000fe500000,0x00000000fe500000,0x0000000100000000)
 ParOldGen       total 106496K, used 53820K [0x00000000a0000000, 0x00000000a6800000, 0x00000000e0000000)
  object space 106496K, 50% used [0x00000000a0000000,0x00000000a348f138,0x00000000a6800000)
 Metaspace       used 76640K, capacity 81188K, committed 81408K, reserved 1120256K
  class space    used 10150K, capacity 11232K, committed 11264K, reserved 1048576K
GC Heap History (10 events):
Event: 7.761 GC heap before
{Heap before GC invocations=10 (full 2):
 PSYoungGen      total 187392K, used 173056K [0x00000000e0000000, 0x00000000f5600000, 0x0000000100000000)
  eden space 173056K, 100% used [0x00000000e0000000,0x00000000ea900000,0x00000000ea900000)
  from space 14336K, 0% used [0x00000000ea900000,0x00000000ea900000,0x00000000eb700000)
  to   space 13312K, 0% used [0x00000000f4900000,0x00000000f4900000,0x00000000f5600000)
 ParOldGen       total 62976K, used 18647K [0x00000000a0000000, 0x00000000a3d80000, 0x00000000e0000000)
  object space 62976K, 29% used [0x00000000a0000000,0x00000000a1235d78,0x00000000a3d80000)
 Metaspace       used 48314K, capacity 49556K, committed 49664K, reserved 1091584K
  class space    used 6496K, capacity 6900K, committed 6912K, reserved 1048576K
Event: 7.779 GC heap after
Heap after GC invocations=10 (full 2):
 PSYoungGen      total 316928K, used 13283K [0x00000000e0000000, 0x00000000f5600000, 0x0000000100000000)
  eden space 303616K, 0% used [0x00000000e0000000,0x00000000e0000000,0x00000000f2880000)
  from space 13312K, 99% used [0x00000000f4900000,0x00000000f55f8e20,0x00000000f5600000)
  to   space 16896K, 0% used [0x00000000f3500000,0x00000000f3500000,0x00000000f4580000)
 ParOldGen       total 62976K, used 22932K [0x00000000a0000000, 0x00000000a3d80000, 0x00000000e0000000)
  object space 62976K, 36% used [0x00000000a0000000,0x00000000a16650a0,0x00000000a3d80000)
 Metaspace       used 48314K, capacity 49556K, committed 49664K, reserved 1091584K
  class space    used 6496K, capacity 6900K, committed 6912K, reserved 1048576K
}
Event: 10.134 GC heap before
{Heap before GC invocations=11 (full 2):
 PSYoungGen      total 316928K, used 251449K [0x00000000e0000000, 0x00000000f5600000, 0x0000000100000000)
  eden space 303616K, 78% used [0x00000000e0000000,0x00000000ee895948,0x00000000f2880000)
  from space 13312K, 99% used [0x00000000f4900000,0x00000000f55f8e20,0x00000000f5600000)
  to   space 16896K, 0% used [0x00000000f3500000,0x00000000f3500000,0x00000000f4580000)
 ParOldGen       total 62976K, used 22932K [0x00000000a0000000, 0x00000000a3d80000, 0x00000000e0000000)
  object space 62976K, 36% used [0x00000000a0000000,0x00000000a16650a0,0x00000000a3d80000)
 Metaspace       used 56594K, capacity 58904K, committed 59028K, reserved 1099776K
  class space    used 7733K, capacity 8328K, committed 8448K, reserved 1048576K
Event: 10.270 GC heap after
Heap after GC invocations=11 (full 2):
 PSYoungGen      total 333312K, used 16889K [0x00000000e0000000, 0x00000000fe280000, 0x0000000100000000)
  eden space 316416K, 0% used [0x00000000e0000000,0x00000000e0000000,0x00000000f3500000)
  from space 16896K, 99% used [0x00000000f3500000,0x00000000f457e7b0,0x00000000f4580000)
  to   space 27136K, 0% used [0x00000000fc800000,0x00000000fc800000,0x00000000fe280000)
 ParOldGen       total 62976K, used 42123K [0x00000000a0000000, 0x00000000a3d80000, 0x00000000e0000000)
  object space 62976K, 66% used [0x00000000a0000000,0x00000000a2922f10,0x00000000a3d80000)
 Metaspace       used 56594K, capacity 58904K, committed 59028K, reserved 1099776K
  class space    used 7733K, capacity 8328K, committed 8448K, reserved 1048576K
}
Event: 10.270 GC heap before
{Heap before GC invocations=12 (full 3):
 PSYoungGen      total 333312K, used 16889K [0x00000000e0000000, 0x00000000fe280000, 0x0000000100000000)
  eden space 316416K, 0% used [0x00000000e0000000,0x00000000e0000000,0x00000000f3500000)
  from space 16896K, 99% used [0x00000000f3500000,0x00000000f457e7b0,0x00000000f4580000)
  to   space 27136K, 0% used [0x00000000fc800000,0x00000000fc800000,0x00000000fe280000)
 ParOldGen       total 62976K, used 42123K [0x00000000a0000000, 0x00000000a3d80000, 0x00000000e0000000)
  object space 62976K, 66% used [0x00000000a0000000,0x00000000a2922f10,0x00000000a3d80000)
 Metaspace       used 56594K, capacity 58904K, committed 59028K, reserved 1099776K
  class space    used 7733K, capacity 8328K, committed 8448K, reserved 1048576K
Event: 10.458 GC heap after
Heap after GC invocations=12 (full 3):
 PSYoungGen      total 333312K, used 0K [0x00000000e0000000, 0x00000000fe280000, 0x0000000100000000)
  eden space 316416K, 0% used [0x00000000e0000000,0x00000000e0000000,0x00000000f3500000)
  from space 16896K, 0% used [0x00000000f3500000,0x00000000f3500000,0x00000000f4580000)
  to   space 27136K, 0% used [0x00000000fc800000,0x00000000fc800000,0x00000000fe280000)
 ParOldGen       total 106496K, used 48999K [0x00000000a0000000, 0x00000000a6800000, 0x00000000e0000000)
  object space 106496K, 46% used [0x00000000a0000000,0x00000000a2fd9f08,0x00000000a6800000)
 Metaspace       used 56594K, capacity 58904K, committed 59028K, reserved 1099776K
  class space    used 7733K, capacity 8328K, committed 8448K, reserved 1048576K
}
Event: 32.229 GC heap before
{Heap before GC invocations=13 (full 3):
 PSYoungGen      total 333312K, used 316416K [0x00000000e0000000, 0x00000000fe280000, 0x0000000100000000)
  eden space 316416K, 100% used [0x00000000e0000000,0x00000000f3500000,0x00000000f3500000)
  from space 16896K, 0% used [0x00000000f3500000,0x00000000f3500000,0x00000000f4580000)
  to   space 27136K, 0% used [0x00000000fc800000,0x00000000fc800000,0x00000000fe280000)
 ParOldGen       total 106496K, used 48999K [0x00000000a0000000, 0x00000000a6800000, 0x00000000e0000000)
  object space 106496K, 46% used [0x00000000a0000000,0x00000000a2fd9f08,0x00000000a6800000)
 Metaspace       used 63651K, capacity 66818K, committed 66944K, reserved 1107968K
  class space    used 8488K, capacity 9249K, committed 9344K, reserved 1048576K
Event: 32.242 GC heap after
Heap after GC invocations=13 (full 3):
 PSYoungGen      total 455680K, used 13211K [0x00000000e0000000, 0x00000000fdc00000, 0x0000000100000000)
  eden space 435200K, 0% used [0x00000000e0000000,0x00000000e0000000,0x00000000fa900000)
  from space 20480K, 64% used [0x00000000fc800000,0x00000000fd4e6c70,0x00000000fdc00000)
  to   space 26112K, 0% used [0x00000000fa900000,0x00000000fa900000,0x00000000fc280000)
 ParOldGen       total 106496K, used 49007K [0x00000000a0000000, 0x00000000a6800000, 0x00000000e0000000)
  object space 106496K, 46% used [0x00000000a0000000,0x00000000a2fdbf08,0x00000000a6800000)
 Metaspace       used 63651K, capacity 66818K, committed 66944K, reserved 1107968K
  class space    used 8488K, capacity 9249K, committed 9344K, reserved 1048576K
}
Event: 999.646 GC heap before
{Heap before GC invocations=14 (full 3):
 PSYoungGen      total 455680K, used 448411K [0x00000000e0000000, 0x00000000fdc00000, 0x0000000100000000)
  eden space 435200K, 100% used [0x00000000e0000000,0x00000000fa900000,0x00000000fa900000)
  from space 20480K, 64% used [0x00000000fc800000,0x00000000fd4e6c70,0x00000000fdc00000)
  to   space 26112K, 0% used [0x00000000fa900000,0x00000000fa900000,0x00000000fc280000)
 ParOldGen       total 106496K, used 49007K [0x00000000a0000000, 0x00000000a6800000, 0x00000000e0000000)
  object space 106496K, 46% used [0x00000000a0000000,0x00000000a2fdbf08,0x00000000a6800000)
 Metaspace       used 76122K, capacity 80598K, committed 80896K, reserved 1118208K
  class space    used 10054K, capacity 11152K, committed 11264K, reserved 1048576K
Event: 999.807 GC heap after
Heap after GC invocations=14 (full 3):
 PSYoungGen      total 461312K, used 19788K [0x00000000e0000000, 0x0000000100000000, 0x0000000100000000)
  eden space 435200K, 0% used [0x00000000e0000000,0x00000000e0000000,0x00000000fa900000)
  from space 26112K, 75% used [0x00000000fa900000,0x00000000fbc530f8,0x00000000fc280000)
  to   space 27648K, 0% used [0x00000000fe500000,0x00000000fe500000,0x0000000100000000)
 ParOldGen       total 106496K, used 53820K [0x00000000a0000000, 0x00000000a6800000, 0x00000000e0000000)
  object space 106496K, 50% used [0x00000000a0000000,0x00000000a348f138,0x00000000a6800000)
 Metaspace       used 76122K, capacity 80598K, committed 80896K, reserved 1118208K
  class space    used 10054K, capacity 11152K, committed 11264K, reserved 1048576K
}

