# JRE version: OpenJDK Runtime Environment (8.0_152-b01) (build 1.8.0_152-release-915-b01)
# Java VM: OpenJDK 64-Bit Server VM (25.152-b01 mixed mode windows-amd64 compressed oops)
Heap:
 PSYoungGen      total 481792K, used 369903K [0x00000000e0000000, 0x0000000100000000, 0x0000000100000000)
  eden space 445440K, 78% used [0x00000000e0000000,0x00000000f5457330,0x00000000fb300000)
  from space 36352K, 58% used [0x00000000fd680000,0x00000000feb649f0,0x00000000ffa00000)
  to   space 36352K, 0% used [0x00000000fb300000,0x00000000fb300000,0x00000000fd680000)
 ParOldGen       total 128000K, used 90528K [0x00000000a0000000, 0x00000000a7d00000, 0x00000000e0000000)
  object space 128000K, 70% used [0x00000000a0000000,0x00000000a58683e8,0x00000000a7d00000)
 Metaspace       used 82689K, capacity 88486K, committed 88704K, reserved 1126400K
  class space    used 10714K, capacity 12034K, committed 12160K, reserved 1048576K
GC Heap History (10 events):
Event: 48.715 GC heap before
{Heap before GC invocations=15 (full 3):
 PSYoungGen      total 354304K, used 346948K [0x00000000e0000000, 0x00000000fc380000, 0x0000000100000000)
  eden space 329216K, 100% used [0x00000000e0000000,0x00000000f4180000,0x00000000f4180000)
  from space 25088K, 70% used [0x00000000f4180000,0x00000000f52d1170,0x00000000f5a00000)
  to   space 26112K, 0% used [0x00000000faa00000,0x00000000faa00000,0x00000000fc380000)
 ParOldGen       total 128000K, used 50351K [0x00000000a0000000, 0x00000000a7d00000, 0x00000000e0000000)
  object space 128000K, 39% used [0x00000000a0000000,0x00000000a312bfa0,0x00000000a7d00000)
 Metaspace       used 67170K, capacity 70560K, committed 70656K, reserved 1110016K
  class space    used 8813K, capacity 9664K, committed 9728K, reserved 1048576K
Event: 48.730 GC heap after
Heap after GC invocations=15 (full 3):
 PSYoungGen      total 408576K, used 9955K [0x00000000e0000000, 0x00000000fb500000, 0x0000000100000000)
  eden space 397312K, 0% used [0x00000000e0000000,0x00000000e0000000,0x00000000f8400000)
  from space 11264K, 88% used [0x00000000faa00000,0x00000000fb3b8f58,0x00000000fb500000)
  to   space 25088K, 0% used [0x00000000f8400000,0x00000000f8400000,0x00000000f9c80000)
 ParOldGen       total 128000K, used 50359K [0x00000000a0000000, 0x00000000a7d00000, 0x00000000e0000000)
  object space 128000K, 39% used [0x00000000a0000000,0x00000000a312dfa0,0x00000000a7d00000)
 Metaspace       used 67170K, capacity 70560K, committed 70656K, reserved 1110016K
  class space    used 8813K, capacity 9664K, committed 9728K, reserved 1048576K
}
Event: 56.354 GC heap before
{Heap before GC invocations=16 (full 3):
 PSYoungGen      total 408576K, used 407267K [0x00000000e0000000, 0x00000000fb500000, 0x0000000100000000)
  eden space 397312K, 100% used [0x00000000e0000000,0x00000000f8400000,0x00000000f8400000)
  from space 11264K, 88% used [0x00000000faa00000,0x00000000fb3b8f58,0x00000000fb500000)
  to   space 25088K, 0% used [0x00000000f8400000,0x00000000f8400000,0x00000000f9c80000)
 ParOldGen       total 128000K, used 50359K [0x00000000a0000000, 0x00000000a7d00000, 0x00000000e0000000)
  object space 128000K, 39% used [0x00000000a0000000,0x00000000a312dfa0,0x00000000a7d00000)
 Metaspace       used 76299K, capacity 79948K, committed 80128K, reserved 1118208K
  class space    used 9808K, capacity 10706K, committed 10752K, reserved 1048576K
Event: 56.380 GC heap after
Heap after GC invocations=16 (full 3):
 PSYoungGen      total 422400K, used 25061K [0x00000000e0000000, 0x0000000100000000, 0x0000000100000000)
  eden space 397312K, 0% used [0x00000000e0000000,0x00000000e0000000,0x00000000f8400000)
  from space 25088K, 99% used [0x00000000f8400000,0x00000000f9c79690,0x00000000f9c80000)
  to   space 40448K, 0% used [0x00000000fd880000,0x00000000fd880000,0x0000000100000000)
 ParOldGen       total 128000K, used 82125K [0x00000000a0000000, 0x00000000a7d00000, 0x00000000e0000000)
  object space 128000K, 64% used [0x00000000a0000000,0x00000000a5033650,0x00000000a7d00000)
 Metaspace       used 76299K, capacity 79948K, committed 80128K, reserved 1118208K
  class space    used 9808K, capacity 10706K, committed 10752K, reserved 1048576K
}
Event: 57.388 GC heap before
{Heap before GC invocations=17 (full 3):
 PSYoungGen      total 422400K, used 422301K [0x00000000e0000000, 0x0000000100000000, 0x0000000100000000)
  eden space 397312K, 99% used [0x00000000e0000000,0x00000000f83ee080,0x00000000f8400000)
  from space 25088K, 99% used [0x00000000f8400000,0x00000000f9c79690,0x00000000f9c80000)
  to   space 40448K, 0% used [0x00000000fd880000,0x00000000fd880000,0x0000000100000000)
 ParOldGen       total 128000K, used 82125K [0x00000000a0000000, 0x00000000a7d00000, 0x00000000e0000000)
  object space 128000K, 64% used [0x00000000a0000000,0x00000000a5033650,0x00000000a7d00000)
 Metaspace       used 78006K, capacity 81984K, committed 82176K, reserved 1120256K
  class space    used 10045K, capacity 10984K, committed 11008K, reserved 1048576K
Event: 57.403 GC heap after
Heap after GC invocations=17 (full 3):
 PSYoungGen      total 485888K, used 15122K [0x00000000e0000000, 0x0000000100000000, 0x0000000100000000)
  eden space 445440K, 0% used [0x00000000e0000000,0x00000000e0000000,0x00000000fb300000)
  from space 40448K, 37% used [0x00000000fd880000,0x00000000fe7448d0,0x0000000100000000)
  to   space 38400K, 0% used [0x00000000fb300000,0x00000000fb300000,0x00000000fd880000)
 ParOldGen       total 128000K, used 89992K [0x00000000a0000000, 0x00000000a7d00000, 0x00000000e0000000)
  object space 128000K, 70% used [0x00000000a0000000,0x00000000a57e23b8,0x00000000a7d00000)
 Metaspace       used 78006K, capacity 81984K, committed 82176K, reserved 1120256K
  class space    used 10045K, capacity 10984K, committed 11008K, reserved 1048576K
}
Event: 64.460 GC heap before
{Heap before GC invocations=18 (full 3):
 PSYoungGen      total 485888K, used 459784K [0x00000000e0000000, 0x0000000100000000, 0x0000000100000000)
  eden space 445440K, 99% used [0x00000000e0000000,0x00000000fb23d908,0x00000000fb300000)
  from space 40448K, 37% used [0x00000000fd880000,0x00000000fe7448d0,0x0000000100000000)
  to   space 38400K, 0% used [0x00000000fb300000,0x00000000fb300000,0x00000000fd880000)
 ParOldGen       total 128000K, used 89992K [0x00000000a0000000, 0x00000000a7d00000, 0x00000000e0000000)
  object space 128000K, 70% used [0x00000000a0000000,0x00000000a57e23b8,0x00000000a7d00000)
 Metaspace       used 79007K, capacity 83348K, committed 83456K, reserved 1122304K
  class space    used 10159K, capacity 11160K, committed 11264K, reserved 1048576K
Event: 64.471 GC heap after
Heap after GC invocations=18 (full 3):
 PSYoungGen      total 460288K, used 14595K [0x00000000e0000000, 0x00000000ffa00000, 0x0000000100000000)
  eden space 445440K, 0% used [0x00000000e0000000,0x00000000e0000000,0x00000000fb300000)
  from space 14848K, 98% used [0x00000000fb300000,0x00000000fc140d60,0x00000000fc180000)
  to   space 36352K, 0% used [0x00000000fd680000,0x00000000fd680000,0x00000000ffa00000)
 ParOldGen       total 128000K, used 90008K [0x00000000a0000000, 0x00000000a7d00000, 0x00000000e0000000)
  object space 128000K, 70% used [0x00000000a0000000,0x00000000a57e63b8,0x00000000a7d00000)
 Metaspace       used 79007K, capacity 83348K, committed 83456K, reserved 1122304K
  class space    used 10159K, capacity 11160K, committed 11264K, reserved 1048576K
}
Event: 209.427 GC heap before
{Heap before GC invocations=19 (full 3):
 PSYoungGen      total 460288K, used 459544K [0x00000000e0000000, 0x00000000ffa00000, 0x0000000100000000)
  eden space 445440K, 99% used [0x00000000e0000000,0x00000000fb285458,0x00000000fb300000)
  from space 14848K, 98% used [0x00000000fb300000,0x00000000fc140d60,0x00000000fc180000)
  to   space 36352K, 0% used [0x00000000fd680000,0x00000000fd680000,0x00000000ffa00000)
 ParOldGen       total 128000K, used 90008K [0x00000000a0000000, 0x00000000a7d00000, 0x00000000e0000000)
  object space 128000K, 70% used [0x00000000a0000000,0x00000000a57e63b8,0x00000000a7d00000)
 Metaspace       used 80106K, capacity 84756K, committed 84864K, reserved 1122304K
  class space    used 10297K, capacity 11368K, committed 11392K, reserved 1048576K
Event: 209.440 GC heap after
Heap after GC invocations=19 (full 3):
 PSYoungGen      total 481792K, used 21394K [0x00000000e0000000, 0x0000000100000000, 0x0000000100000000)
  eden space 445440K, 0% used [0x00000000e0000000,0x00000000e0000000,0x00000000fb300000)
  from space 36352K, 58% used [0x00000000fd680000,0x00000000feb649f0,0x00000000ffa00000)
  to   space 36352K, 0% used [0x00000000fb300000,0x00000000fb300000,0x00000000fd680000)
 ParOldGen       total 128000K, used 90528K [0x00000000a0000000, 0x00000000a7d00000, 0x00000000e0000000)
  object space 128000K, 70% used [0x00000000a0000000,0x00000000a58683e8,0x00000000a7d00000)
 Metaspace       used 80106K, capacity 84756K, committed 84864K, reserved 1122304K
  class space    used 10297K, capacity 11368K, committed 11392K, reserved 1048576K
}

