# JRE version: OpenJDK Runtime Environment (8.0_152-b01) (build 1.8.0_152-release-915-b01)
# Java VM: OpenJDK 64-Bit Server VM (25.152-b01 mixed mode windows-amd64 compressed oops)
Heap:
 PSYoungGen      total 496640K, used 313119K [0x00000000e0000000, 0x00000000fff00000, 0x0000000100000000)
  eden space 471040K, 63% used [0x00000000e0000000,0x00000000f2326990,0x00000000fcc00000)
  from space 25600K, 58% used [0x00000000fe600000,0x00000000ff4a1320,0x00000000fff00000)
  to   space 26112K, 0% used [0x00000000fcc00000,0x00000000fcc00000,0x00000000fe580000)
 ParOldGen       total 111104K, used 63701K [0x00000000a0000000, 0x00000000a6c80000, 0x00000000e0000000)
  object space 111104K, 57% used [0x00000000a0000000,0x00000000a3e35430,0x00000000a6c80000)
 Metaspace       used 80105K, capacity 86320K, committed 86528K, reserved 1124352K
  class space    used 10745K, capacity 12248K, committed 12288K, reserved 1048576K
GC Heap History (10 events):
Event: 9.616 GC heap before
{Heap before GC invocations=11 (full 2):
 PSYoungGen      total 301568K, used 260477K [0x00000000e0000000, 0x00000000f4080000, 0x0000000100000000)
  eden space 288256K, 85% used [0x00000000e0000000,0x00000000ef166e38,0x00000000f1980000)
  from space 13312K, 99% used [0x00000000f3380000,0x00000000f4078600,0x00000000f4080000)
  to   space 16384K, 0% used [0x00000000f2080000,0x00000000f2080000,0x00000000f3080000)
 ParOldGen       total 60928K, used 17853K [0x00000000a0000000, 0x00000000a3b80000, 0x00000000e0000000)
  object space 60928K, 29% used [0x00000000a0000000,0x00000000a116f600,0x00000000a3b80000)
 Metaspace       used 56465K, capacity 58846K, committed 59028K, reserved 1099776K
  class space    used 7735K, capacity 8329K, committed 8448K, reserved 1048576K
Event: 9.657 GC heap after
Heap after GC invocations=11 (full 2):
 PSYoungGen      total 311808K, used 16361K [0x00000000e0000000, 0x00000000fc500000, 0x0000000100000000)
  eden space 295424K, 0% used [0x00000000e0000000,0x00000000e0000000,0x00000000f2080000)
  from space 16384K, 99% used [0x00000000f2080000,0x00000000f307a7b0,0x00000000f3080000)
  to   space 27136K, 0% used [0x00000000faa80000,0x00000000faa80000,0x00000000fc500000)
 ParOldGen       total 60928K, used 38208K [0x00000000a0000000, 0x00000000a3b80000, 0x00000000e0000000)
  object space 60928K, 62% used [0x00000000a0000000,0x00000000a2550338,0x00000000a3b80000)
 Metaspace       used 56465K, capacity 58846K, committed 59028K, reserved 1099776K
  class space    used 7735K, capacity 8329K, committed 8448K, reserved 1048576K
}
Event: 9.657 GC heap before
{Heap before GC invocations=12 (full 3):
 PSYoungGen      total 311808K, used 16361K [0x00000000e0000000, 0x00000000fc500000, 0x0000000100000000)
  eden space 295424K, 0% used [0x00000000e0000000,0x00000000e0000000,0x00000000f2080000)
  from space 16384K, 99% used [0x00000000f2080000,0x00000000f307a7b0,0x00000000f3080000)
  to   space 27136K, 0% used [0x00000000faa80000,0x00000000faa80000,0x00000000fc500000)
 ParOldGen       total 60928K, used 38208K [0x00000000a0000000, 0x00000000a3b80000, 0x00000000e0000000)
  object space 60928K, 62% used [0x00000000a0000000,0x00000000a2550338,0x00000000a3b80000)
 Metaspace       used 56465K, capacity 58846K, committed 59028K, reserved 1099776K
  class space    used 7735K, capacity 8329K, committed 8448K, reserved 1048576K
Event: 9.879 GC heap after
Heap after GC invocations=12 (full 3):
 PSYoungGen      total 311808K, used 0K [0x00000000e0000000, 0x00000000fc500000, 0x0000000100000000)
  eden space 295424K, 0% used [0x00000000e0000000,0x00000000e0000000,0x00000000f2080000)
  from space 16384K, 0% used [0x00000000f2080000,0x00000000f2080000,0x00000000f3080000)
  to   space 27136K, 0% used [0x00000000faa80000,0x00000000faa80000,0x00000000fc500000)
 ParOldGen       total 111104K, used 49576K [0x00000000a0000000, 0x00000000a6c80000, 0x00000000e0000000)
  object space 111104K, 44% used [0x00000000a0000000,0x00000000a306a158,0x00000000a6c80000)
 Metaspace       used 56465K, capacity 58846K, committed 59028K, reserved 1099776K
  class space    used 7735K, capacity 8329K, committed 8448K, reserved 1048576K
}
Event: 26.970 GC heap before
{Heap before GC invocations=13 (full 3):
 PSYoungGen      total 311808K, used 295424K [0x00000000e0000000, 0x00000000fc500000, 0x0000000100000000)
  eden space 295424K, 100% used [0x00000000e0000000,0x00000000f2080000,0x00000000f2080000)
  from space 16384K, 0% used [0x00000000f2080000,0x00000000f2080000,0x00000000f3080000)
  to   space 27136K, 0% used [0x00000000faa80000,0x00000000faa80000,0x00000000fc500000)
 ParOldGen       total 111104K, used 49576K [0x00000000a0000000, 0x00000000a6c80000, 0x00000000e0000000)
  object space 111104K, 44% used [0x00000000a0000000,0x00000000a306a158,0x00000000a6c80000)
 Metaspace       used 63019K, capacity 66142K, committed 66304K, reserved 1105920K
  class space    used 8409K, capacity 9183K, committed 9216K, reserved 1048576K
Event: 26.982 GC heap after
Heap after GC invocations=13 (full 3):
 PSYoungGen      total 413184K, used 15114K [0x00000000e0000000, 0x00000000fb980000, 0x0000000100000000)
  eden space 397824K, 0% used [0x00000000e0000000,0x00000000e0000000,0x00000000f8480000)
  from space 15360K, 98% used [0x00000000faa80000,0x00000000fb942bf8,0x00000000fb980000)
  to   space 26624K, 0% used [0x00000000f8580000,0x00000000f8580000,0x00000000f9f80000)
 ParOldGen       total 111104K, used 49584K [0x00000000a0000000, 0x00000000a6c80000, 0x00000000e0000000)
  object space 111104K, 44% used [0x00000000a0000000,0x00000000a306c158,0x00000000a6c80000)
 Metaspace       used 63019K, capacity 66142K, committed 66304K, reserved 1105920K
  class space    used 8409K, capacity 9183K, committed 9216K, reserved 1048576K
}
Event: 65.723 GC heap before
{Heap before GC invocations=14 (full 3):
 PSYoungGen      total 413184K, used 412938K [0x00000000e0000000, 0x00000000fb980000, 0x0000000100000000)
  eden space 397824K, 100% used [0x00000000e0000000,0x00000000f8480000,0x00000000f8480000)
  from space 15360K, 98% used [0x00000000faa80000,0x00000000fb942bf8,0x00000000fb980000)
  to   space 26624K, 0% used [0x00000000f8580000,0x00000000f8580000,0x00000000f9f80000)
 ParOldGen       total 111104K, used 49584K [0x00000000a0000000, 0x00000000a6c80000, 0x00000000e0000000)
  object space 111104K, 44% used [0x00000000a0000000,0x00000000a306c158,0x00000000a6c80000)
 Metaspace       used 73115K, capacity 77550K, committed 77696K, reserved 1116160K
  class space    used 9745K, capacity 10856K, committed 10880K, reserved 1048576K
Event: 65.768 GC heap after
Heap after GC invocations=14 (full 3):
 PSYoungGen      total 425472K, used 16047K [0x00000000e0000000, 0x0000000100000000, 0x0000000100000000)
  eden space 398848K, 0% used [0x00000000e0000000,0x00000000e0000000,0x00000000f8580000)
  from space 26624K, 60% used [0x00000000f8580000,0x00000000f952be78,0x00000000f9f80000)
  to   space 26624K, 0% used [0x00000000fe600000,0x00000000fe600000,0x0000000100000000)
 ParOldGen       total 111104K, used 54100K [0x00000000a0000000, 0x00000000a6c80000, 0x00000000e0000000)
  object space 111104K, 48% used [0x00000000a0000000,0x00000000a34d5340,0x00000000a6c80000)
 Metaspace       used 73115K, capacity 77550K, committed 77696K, reserved 1116160K
  class space    used 9745K, capacity 10856K, committed 10880K, reserved 1048576K
}
Event: 177.735 GC heap before
{Heap before GC invocations=15 (full 3):
 PSYoungGen      total 425472K, used 414895K [0x00000000e0000000, 0x0000000100000000, 0x0000000100000000)
  eden space 398848K, 100% used [0x00000000e0000000,0x00000000f8580000,0x00000000f8580000)
  from space 26624K, 60% used [0x00000000f8580000,0x00000000f952be78,0x00000000f9f80000)
  to   space 26624K, 0% used [0x00000000fe600000,0x00000000fe600000,0x0000000100000000)
 ParOldGen       total 111104K, used 54100K [0x00000000a0000000, 0x00000000a6c80000, 0x00000000e0000000)
  object space 111104K, 48% used [0x00000000a0000000,0x00000000a34d5340,0x00000000a6c80000)
 Metaspace       used 78711K, capacity 84314K, committed 84480K, reserved 1122304K
  class space    used 10573K, capacity 11953K, committed 12032K, reserved 1048576K
Event: 177.762 GC heap after
Heap after GC invocations=15 (full 3):
 PSYoungGen      total 496640K, used 14980K [0x00000000e0000000, 0x00000000fff00000, 0x0000000100000000)
  eden space 471040K, 0% used [0x00000000e0000000,0x00000000e0000000,0x00000000fcc00000)
  from space 25600K, 58% used [0x00000000fe600000,0x00000000ff4a1320,0x00000000fff00000)
  to   space 26112K, 0% used [0x00000000fcc00000,0x00000000fcc00000,0x00000000fe580000)
 ParOldGen       total 111104K, used 63701K [0x00000000a0000000, 0x00000000a6c80000, 0x00000000e0000000)
  object space 111104K, 57% used [0x00000000a0000000,0x00000000a3e35430,0x00000000a6c80000)
 Metaspace       used 78711K, capacity 84314K, committed 84480K, reserved 1122304K
  class space    used 10573K, capacity 11953K, committed 12032K, reserved 1048576K
}

