# JRE version: OpenJDK Runtime Environment (8.0_152-b01) (build 1.8.0_152-release-915-b01)
# Java VM: OpenJDK 64-Bit Server VM (25.152-b01 mixed mode windows-amd64 compressed oops)
Heap:
 PSYoungGen      total 175104K, used 160768K [0x00000000e0000000, 0x00000000f2680000, 0x0000000100000000)
  eden space 160768K, 100% used [0x00000000e0000000,0x00000000e9d00000,0x00000000e9d00000)
  from space 14336K, 0% used [0x00000000e9d00000,0x00000000e9d00000,0x00000000eab00000)
  to   space 13312K, 53% used [0x00000000f1980000,0x00000000f20782d8,0x00000000f2680000)
 ParOldGen       total 65536K, used 14691K [0x00000000a0000000, 0x00000000a4000000, 0x00000000e0000000)
  object space 65536K, 22% used [0x00000000a0000000,0x00000000a0e58ec8,0x00000000a4000000)
 Metaspace       used 46754K, capacity 47838K, committed 48000K, reserved 1091584K
  class space    used 6287K, capacity 6669K, committed 6784K, reserved 1048576K
GC Heap History (10 events):
Event: 2.491 GC heap after
Heap after GC invocations=5 (full 1):
 PSYoungGen      total 102400K, used 0K [0x00000000e0000000, 0x00000000e6800000, 0x0000000100000000)
  eden space 98304K, 0% used [0x00000000e0000000,0x00000000e0000000,0x00000000e6000000)
  from space 4096K, 0% used [0x00000000e6400000,0x00000000e6400000,0x00000000e6800000)
  to   space 4096K, 0% used [0x00000000e6000000,0x00000000e6000000,0x00000000e6400000)
 ParOldGen       total 47616K, used 9083K [0x00000000a0000000, 0x00000000a2e80000, 0x00000000e0000000)
  object space 47616K, 19% used [0x00000000a0000000,0x00000000a08ded90,0x00000000a2e80000)
 Metaspace       used 20718K, capacity 21112K, committed 21248K, reserved 1067008K
  class space    used 2870K, capacity 3035K, committed 3072K, reserved 1048576K
}
Event: 3.388 GC heap before
{Heap before GC invocations=6 (full 1):
 PSYoungGen      total 102400K, used 98304K [0x00000000e0000000, 0x00000000e6800000, 0x0000000100000000)
  eden space 98304K, 100% used [0x00000000e0000000,0x00000000e6000000,0x00000000e6000000)
  from space 4096K, 0% used [0x00000000e6400000,0x00000000e6400000,0x00000000e6800000)
  to   space 4096K, 0% used [0x00000000e6000000,0x00000000e6000000,0x00000000e6400000)
 ParOldGen       total 47616K, used 9083K [0x00000000a0000000, 0x00000000a2e80000, 0x00000000e0000000)
  object space 47616K, 19% used [0x00000000a0000000,0x00000000a08ded90,0x00000000a2e80000)
 Metaspace       used 28055K, capacity 28726K, committed 29056K, reserved 1075200K
  class space    used 3890K, capacity 4113K, committed 4224K, reserved 1048576K
Event: 3.396 GC heap after
Heap after GC invocations=6 (full 1):
 PSYoungGen      total 102400K, used 4096K [0x00000000e0000000, 0x00000000ebc00000, 0x0000000100000000)
  eden space 98304K, 0% used [0x00000000e0000000,0x00000000e0000000,0x00000000e6000000)
  from space 4096K, 100% used [0x00000000e6000000,0x00000000e6400000,0x00000000e6400000)
  to   space 13312K, 0% used [0x00000000eaf00000,0x00000000eaf00000,0x00000000ebc00000)
 ParOldGen       total 47616K, used 15709K [0x00000000a0000000, 0x00000000a2e80000, 0x00000000e0000000)
  object space 47616K, 32% used [0x00000000a0000000,0x00000000a0f57760,0x00000000a2e80000)
 Metaspace       used 28055K, capacity 28726K, committed 29056K, reserved 1075200K
  class space    used 3890K, capacity 4113K, committed 4224K, reserved 1048576K
}
Event: 4.374 GC heap before
{Heap before GC invocations=7 (full 1):
 PSYoungGen      total 102400K, used 102400K [0x00000000e0000000, 0x00000000ebc00000, 0x0000000100000000)
  eden space 98304K, 100% used [0x00000000e0000000,0x00000000e6000000,0x00000000e6000000)
  from space 4096K, 100% used [0x00000000e6000000,0x00000000e6400000,0x00000000e6400000)
  to   space 13312K, 0% used [0x00000000eaf00000,0x00000000eaf00000,0x00000000ebc00000)
 ParOldGen       total 47616K, used 15709K [0x00000000a0000000, 0x00000000a2e80000, 0x00000000e0000000)
  object space 47616K, 32% used [0x00000000a0000000,0x00000000a0f57760,0x00000000a2e80000)
 Metaspace       used 33498K, capacity 34312K, committed 34688K, reserved 1079296K
  class space    used 4563K, capacity 4894K, committed 4992K, reserved 1048576K
Event: 4.383 GC heap after
Heap after GC invocations=7 (full 1):
 PSYoungGen      total 171008K, used 10120K [0x00000000e0000000, 0x00000000eb900000, 0x0000000100000000)
  eden space 160768K, 0% used [0x00000000e0000000,0x00000000e0000000,0x00000000e9d00000)
  from space 10240K, 98% used [0x00000000eaf00000,0x00000000eb8e2138,0x00000000eb900000)
  to   space 14336K, 0% used [0x00000000e9d00000,0x00000000e9d00000,0x00000000eab00000)
 ParOldGen       total 47616K, used 15789K [0x00000000a0000000, 0x00000000a2e80000, 0x00000000e0000000)
  object space 47616K, 33% used [0x00000000a0000000,0x00000000a0f6b770,0x00000000a2e80000)
 Metaspace       used 33498K, capacity 34312K, committed 34688K, reserved 1079296K
  class space    used 4563K, capacity 4894K, committed 4992K, reserved 1048576K
}
Event: 4.437 GC heap before
{Heap before GC invocations=8 (full 1):
 PSYoungGen      total 171008K, used 13499K [0x00000000e0000000, 0x00000000eb900000, 0x0000000100000000)
  eden space 160768K, 2% used [0x00000000e0000000,0x00000000e034cc00,0x00000000e9d00000)
  from space 10240K, 98% used [0x00000000eaf00000,0x00000000eb8e2138,0x00000000eb900000)
  to   space 14336K, 0% used [0x00000000e9d00000,0x00000000e9d00000,0x00000000eab00000)
 ParOldGen       total 47616K, used 15789K [0x00000000a0000000, 0x00000000a2e80000, 0x00000000e0000000)
  object space 47616K, 33% used [0x00000000a0000000,0x00000000a0f6b770,0x00000000a2e80000)
 Metaspace       used 34614K, capacity 35304K, committed 35416K, reserved 1079296K
  class space    used 4724K, capacity 5034K, committed 5120K, reserved 1048576K
Event: 4.442 GC heap after
Heap after GC invocations=8 (full 1):
 PSYoungGen      total 175104K, used 7333K [0x00000000e0000000, 0x00000000f2680000, 0x0000000100000000)
  eden space 160768K, 0% used [0x00000000e0000000,0x00000000e0000000,0x00000000e9d00000)
  from space 14336K, 51% used [0x00000000e9d00000,0x00000000ea429700,0x00000000eab00000)
  to   space 13312K, 0% used [0x00000000f1980000,0x00000000f1980000,0x00000000f2680000)
 ParOldGen       total 47616K, used 15797K [0x00000000a0000000, 0x00000000a2e80000, 0x00000000e0000000)
  object space 47616K, 33% used [0x00000000a0000000,0x00000000a0f6d770,0x00000000a2e80000)
 Metaspace       used 34614K, capacity 35304K, committed 35416K, reserved 1079296K
  class space    used 4724K, capacity 5034K, committed 5120K, reserved 1048576K
}
Event: 4.442 GC heap before
{Heap before GC invocations=9 (full 2):
 PSYoungGen      total 175104K, used 7333K [0x00000000e0000000, 0x00000000f2680000, 0x0000000100000000)
  eden space 160768K, 0% used [0x00000000e0000000,0x00000000e0000000,0x00000000e9d00000)
  from space 14336K, 51% used [0x00000000e9d00000,0x00000000ea429700,0x00000000eab00000)
  to   space 13312K, 0% used [0x00000000f1980000,0x00000000f1980000,0x00000000f2680000)
 ParOldGen       total 47616K, used 15797K [0x00000000a0000000, 0x00000000a2e80000, 0x00000000e0000000)
  object space 47616K, 33% used [0x00000000a0000000,0x00000000a0f6d770,0x00000000a2e80000)
 Metaspace       used 34614K, capacity 35304K, committed 35416K, reserved 1079296K
  class space    used 4724K, capacity 5034K, committed 5120K, reserved 1048576K
Event: 4.496 GC heap after
Heap after GC invocations=9 (full 2):
 PSYoungGen      total 175104K, used 0K [0x00000000e0000000, 0x00000000f2680000, 0x0000000100000000)
  eden space 160768K, 0% used [0x00000000e0000000,0x00000000e0000000,0x00000000e9d00000)
  from space 14336K, 0% used [0x00000000e9d00000,0x00000000e9d00000,0x00000000eab00000)
  to   space 13312K, 0% used [0x00000000f1980000,0x00000000f1980000,0x00000000f2680000)
 ParOldGen       total 65536K, used 14683K [0x00000000a0000000, 0x00000000a4000000, 0x00000000e0000000)
  object space 65536K, 22% used [0x00000000a0000000,0x00000000a0e56ec8,0x00000000a4000000)
 Metaspace       used 34614K, capacity 35304K, committed 35416K, reserved 1079296K
  class space    used 4724K, capacity 5034K, committed 5120K, reserved 1048576K
}
Event: 5.795 GC heap before
{Heap before GC invocations=10 (full 2):
 PSYoungGen      total 175104K, used 160768K [0x00000000e0000000, 0x00000000f2680000, 0x0000000100000000)
  eden space 160768K, 100% used [0x00000000e0000000,0x00000000e9d00000,0x00000000e9d00000)
  from space 14336K, 0% used [0x00000000e9d00000,0x00000000e9d00000,0x00000000eab00000)
  to   space 13312K, 0% used [0x00000000f1980000,0x00000000f1980000,0x00000000f2680000)
 ParOldGen       total 65536K, used 14683K [0x00000000a0000000, 0x00000000a4000000, 0x00000000e0000000)
  object space 65536K, 22% used [0x00000000a0000000,0x00000000a0e56ec8,0x00000000a4000000)
 Metaspace       used 46754K, capacity 47838K, committed 48000K, reserved 1091584K
  class space    used 6287K, capacity 6669K, committed 6784K, reserved 1048576K

