# JRE version: OpenJDK Runtime Environment (8.0_152-b01) (build 1.8.0_152-release-915-b01)
# Java VM: OpenJDK 64-Bit Server VM (25.152-b01 mixed mode windows-amd64 compressed oops)
Heap:
 PSYoungGen      total 344064K, used 326656K [0x00000000e0000000, 0x00000000fe400000, 0x0000000100000000)
  eden space 326656K, 100% used [0x00000000e0000000,0x00000000f3f00000,0x00000000f3f00000)
  from space 17408K, 0% used [0x00000000f3f00000,0x00000000f3f00000,0x00000000f5000000)
  to   space 27136K, 21% used [0x00000000fc980000,0x00000000fcf40020,0x00000000fe400000)
 ParOldGen       total 1048576K, used 48569K [0x00000000a0000000, 0x00000000e0000000, 0x00000000e0000000)
  object space 1048576K, 4% used [0x00000000a0000000,0x00000000a2f6e4b8,0x00000000e0000000)
 Metaspace       used 63388K, capacity 66488K, committed 66688K, reserved 1105920K
  class space    used 8453K, capacity 9232K, committed 9344K, reserved 1048576K
GC Heap History (10 events):
Event: 6.222 GC heap after
Heap after GC invocations=8 (full 1):
 PSYoungGen      total 194560K, used 7477K [0x00000000e0000000, 0x00000000f6100000, 0x0000000100000000)
  eden space 180736K, 0% used [0x00000000e0000000,0x00000000e0000000,0x00000000eb080000)
  from space 13824K, 54% used [0x00000000eb080000,0x00000000eb7cd710,0x00000000ebe00000)
  to   space 13312K, 0% used [0x00000000f5400000,0x00000000f5400000,0x00000000f6100000)
 ParOldGen       total 45056K, used 16349K [0x00000000a0000000, 0x00000000a2c00000, 0x00000000e0000000)
  object space 45056K, 36% used [0x00000000a0000000,0x00000000a0ff7560,0x00000000a2c00000)
 Metaspace       used 34629K, capacity 35304K, committed 35416K, reserved 1079296K
  class space    used 4726K, capacity 5034K, committed 5120K, reserved 1048576K
}
Event: 6.222 GC heap before
{Heap before GC invocations=9 (full 2):
 PSYoungGen      total 194560K, used 7477K [0x00000000e0000000, 0x00000000f6100000, 0x0000000100000000)
  eden space 180736K, 0% used [0x00000000e0000000,0x00000000e0000000,0x00000000eb080000)
  from space 13824K, 54% used [0x00000000eb080000,0x00000000eb7cd710,0x00000000ebe00000)
  to   space 13312K, 0% used [0x00000000f5400000,0x00000000f5400000,0x00000000f6100000)
 ParOldGen       total 45056K, used 16349K [0x00000000a0000000, 0x00000000a2c00000, 0x00000000e0000000)
  object space 45056K, 36% used [0x00000000a0000000,0x00000000a0ff7560,0x00000000a2c00000)
 Metaspace       used 34629K, capacity 35304K, committed 35416K, reserved 1079296K
  class space    used 4726K, capacity 5034K, committed 5120K, reserved 1048576K
Event: 6.283 GC heap after
Heap after GC invocations=9 (full 2):
 PSYoungGen      total 194560K, used 0K [0x00000000e0000000, 0x00000000f6100000, 0x0000000100000000)
  eden space 180736K, 0% used [0x00000000e0000000,0x00000000e0000000,0x00000000eb080000)
  from space 13824K, 0% used [0x00000000eb080000,0x00000000eb080000,0x00000000ebe00000)
  to   space 13312K, 0% used [0x00000000f5400000,0x00000000f5400000,0x00000000f6100000)
 ParOldGen       total 57344K, used 14592K [0x00000000a0000000, 0x00000000a3800000, 0x00000000e0000000)
  object space 57344K, 25% used [0x00000000a0000000,0x00000000a0e403f8,0x00000000a3800000)
 Metaspace       used 34629K, capacity 35304K, committed 35416K, reserved 1079296K
  class space    used 4726K, capacity 5034K, committed 5120K, reserved 1048576K
}
Event: 7.787 GC heap before
{Heap before GC invocations=10 (full 2):
 PSYoungGen      total 194560K, used 180736K [0x00000000e0000000, 0x00000000f6100000, 0x0000000100000000)
  eden space 180736K, 100% used [0x00000000e0000000,0x00000000eb080000,0x00000000eb080000)
  from space 13824K, 0% used [0x00000000eb080000,0x00000000eb080000,0x00000000ebe00000)
  to   space 13312K, 0% used [0x00000000f5400000,0x00000000f5400000,0x00000000f6100000)
 ParOldGen       total 57344K, used 14592K [0x00000000a0000000, 0x00000000a3800000, 0x00000000e0000000)
  object space 57344K, 25% used [0x00000000a0000000,0x00000000a0e403f8,0x00000000a3800000)
 Metaspace       used 49264K, capacity 50684K, committed 50944K, reserved 1093632K
  class space    used 6650K, capacity 7088K, committed 7168K, reserved 1048576K
Event: 7.808 GC heap after
Heap after GC invocations=10 (full 2):
 PSYoungGen      total 324096K, used 13290K [0x00000000e0000000, 0x00000000f6100000, 0x0000000100000000)
  eden space 310784K, 0% used [0x00000000e0000000,0x00000000e0000000,0x00000000f2f80000)
  from space 13312K, 99% used [0x00000000f5400000,0x00000000f60fa9b0,0x00000000f6100000)
  to   space 17408K, 0% used [0x00000000f3f00000,0x00000000f3f00000,0x00000000f5000000)
 ParOldGen       total 57344K, used 19941K [0x00000000a0000000, 0x00000000a3800000, 0x00000000e0000000)
  object space 57344K, 34% used [0x00000000a0000000,0x00000000a13795e8,0x00000000a3800000)
 Metaspace       used 49264K, capacity 50684K, committed 50944K, reserved 1093632K
  class space    used 6650K, capacity 7088K, committed 7168K, reserved 1048576K
}
Event: 9.615 GC heap before
{Heap before GC invocations=11 (full 2):
 PSYoungGen      total 324096K, used 252188K [0x00000000e0000000, 0x00000000f6100000, 0x0000000100000000)
  eden space 310784K, 76% used [0x00000000e0000000,0x00000000ee94c948,0x00000000f2f80000)
  from space 13312K, 99% used [0x00000000f5400000,0x00000000f60fa9b0,0x00000000f6100000)
  to   space 17408K, 0% used [0x00000000f3f00000,0x00000000f3f00000,0x00000000f5000000)
 ParOldGen       total 57344K, used 19941K [0x00000000a0000000, 0x00000000a3800000, 0x00000000e0000000)
  object space 57344K, 34% used [0x00000000a0000000,0x00000000a13795e8,0x00000000a3800000)
 Metaspace       used 56538K, capacity 58910K, committed 59028K, reserved 1099776K
  class space    used 7744K, capacity 8331K, committed 8448K, reserved 1048576K
Event: 9.674 GC heap after
Heap after GC invocations=11 (full 2):
 PSYoungGen      total 344064K, used 17401K [0x00000000e0000000, 0x00000000fe400000, 0x0000000100000000)
  eden space 326656K, 0% used [0x00000000e0000000,0x00000000e0000000,0x00000000f3f00000)
  from space 17408K, 99% used [0x00000000f3f00000,0x00000000f4ffe7b0,0x00000000f5000000)
  to   space 27136K, 0% used [0x00000000fc980000,0x00000000fc980000,0x00000000fe400000)
 ParOldGen       total 57344K, used 38047K [0x00000000a0000000, 0x00000000a3800000, 0x00000000e0000000)
  object space 57344K, 66% used [0x00000000a0000000,0x00000000a2527d10,0x00000000a3800000)
 Metaspace       used 56538K, capacity 58910K, committed 59028K, reserved 1099776K
  class space    used 7744K, capacity 8331K, committed 8448K, reserved 1048576K
}
Event: 9.674 GC heap before
{Heap before GC invocations=12 (full 3):
 PSYoungGen      total 344064K, used 17401K [0x00000000e0000000, 0x00000000fe400000, 0x0000000100000000)
  eden space 326656K, 0% used [0x00000000e0000000,0x00000000e0000000,0x00000000f3f00000)
  from space 17408K, 99% used [0x00000000f3f00000,0x00000000f4ffe7b0,0x00000000f5000000)
  to   space 27136K, 0% used [0x00000000fc980000,0x00000000fc980000,0x00000000fe400000)
 ParOldGen       total 57344K, used 38047K [0x00000000a0000000, 0x00000000a3800000, 0x00000000e0000000)
  object space 57344K, 66% used [0x00000000a0000000,0x00000000a2527d10,0x00000000a3800000)
 Metaspace       used 56538K, capacity 58910K, committed 59028K, reserved 1099776K
  class space    used 7744K, capacity 8331K, committed 8448K, reserved 1048576K
Event: 9.948 GC heap after
Heap after GC invocations=12 (full 3):
 PSYoungGen      total 344064K, used 0K [0x00000000e0000000, 0x00000000fe400000, 0x0000000100000000)
  eden space 326656K, 0% used [0x00000000e0000000,0x00000000e0000000,0x00000000f3f00000)
  from space 17408K, 0% used [0x00000000f3f00000,0x00000000f3f00000,0x00000000f5000000)
  to   space 27136K, 0% used [0x00000000fc980000,0x00000000fc980000,0x00000000fe400000)
 ParOldGen       total 107520K, used 48561K [0x00000000a0000000, 0x00000000a6900000, 0x00000000e0000000)
  object space 107520K, 45% used [0x00000000a0000000,0x00000000a2f6c4b8,0x00000000a6900000)
 Metaspace       used 56538K, capacity 58910K, committed 59028K, reserved 1099776K
  class space    used 7744K, capacity 8331K, committed 8448K, reserved 1048576K
}
Event: 112.679 GC heap before
{Heap before GC invocations=13 (full 3):
 PSYoungGen      total 344064K, used 326656K [0x00000000e0000000, 0x00000000fe400000, 0x0000000100000000)
  eden space 326656K, 100% used [0x00000000e0000000,0x00000000f3f00000,0x00000000f3f00000)
  from space 17408K, 0% used [0x00000000f3f00000,0x00000000f3f00000,0x00000000f5000000)
  to   space 27136K, 0% used [0x00000000fc980000,0x00000000fc980000,0x00000000fe400000)
 ParOldGen       total 107520K, used 48561K [0x00000000a0000000, 0x00000000a6900000, 0x00000000e0000000)
  object space 107520K, 45% used [0x00000000a0000000,0x00000000a2f6c4b8,0x00000000a6900000)
 Metaspace       used 63388K, capacity 66488K, committed 66688K, reserved 1105920K
  class space    used 8453K, capacity 9232K, committed 9344K, reserved 1048576K

