# JRE version: OpenJDK Runtime Environment (8.0_152-b01) (build 1.8.0_152-release-915-b01)
# Java VM: OpenJDK 64-Bit Server VM (25.152-b01 mixed mode windows-amd64 compressed oops)
Heap:
 PSYoungGen      total 86016K, used 19957K [0x00000000e0000000, 0x00000000e6f80000, 0x0000000100000000)
  eden space 79872K, 17% used [0x00000000e0000000,0x00000000e0d94168,0x00000000e4e00000)
  from space 6144K, 98% used [0x00000000e6980000,0x00000000e6f69540,0x00000000e6f80000)
  to   space 9216K, 0% used [0x00000000e5d80000,0x00000000e5d80000,0x00000000e6680000)
 ParOldGen       total 48640K, used 8712K [0x00000000a0000000, 0x00000000a2f80000, 0x00000000e0000000)
  object space 48640K, 17% used [0x00000000a0000000,0x00000000a0882040,0x00000000a2f80000)
 Metaspace       used 25560K, capacity 26146K, committed 26240K, reserved 1071104K
  class space    used 3483K, capacity 3698K, committed 3712K, reserved 1048576K
GC Heap History (10 events):
Event: 1.020 GC heap before
{Heap before GC invocations=3 (full 0):
 PSYoungGen      total 28672K, used 28159K [0x00000000e0000000, 0x00000000e3800000, 0x0000000100000000)
  eden space 24576K, 100% used [0x00000000e0000000,0x00000000e1800000,0x00000000e1800000)
  from space 4096K, 87% used [0x00000000e1c00000,0x00000000e1f7fdf0,0x00000000e2000000)
  to   space 4096K, 0% used [0x00000000e1800000,0x00000000e1800000,0x00000000e1c00000)
 ParOldGen       total 65536K, used 16K [0x00000000a0000000, 0x00000000a4000000, 0x00000000e0000000)
  object space 65536K, 0% used [0x00000000a0000000,0x00000000a0004000,0x00000000a4000000)
 Metaspace       used 12833K, capacity 13132K, committed 13184K, reserved 1060864K
  class space    used 1758K, capacity 1896K, committed 1920K, reserved 1048576K
Event: 1.036 GC heap after
Heap after GC invocations=3 (full 0):
 PSYoungGen      total 28672K, used 4080K [0x00000000e0000000, 0x00000000e3800000, 0x0000000100000000)
  eden space 24576K, 0% used [0x00000000e0000000,0x00000000e0000000,0x00000000e1800000)
  from space 4096K, 99% used [0x00000000e1800000,0x00000000e1bfc010,0x00000000e1c00000)
  to   space 4096K, 0% used [0x00000000e3400000,0x00000000e3400000,0x00000000e3800000)
 ParOldGen       total 65536K, used 1925K [0x00000000a0000000, 0x00000000a4000000, 0x00000000e0000000)
  object space 65536K, 2% used [0x00000000a0000000,0x00000000a01e14f0,0x00000000a4000000)
 Metaspace       used 12833K, capacity 13132K, committed 13184K, reserved 1060864K
  class space    used 1758K, capacity 1896K, committed 1920K, reserved 1048576K
}
Event: 1.265 GC heap before
{Heap before GC invocations=4 (full 0):
 PSYoungGen      total 28672K, used 28656K [0x00000000e0000000, 0x00000000e3800000, 0x0000000100000000)
  eden space 24576K, 100% used [0x00000000e0000000,0x00000000e1800000,0x00000000e1800000)
  from space 4096K, 99% used [0x00000000e1800000,0x00000000e1bfc010,0x00000000e1c00000)
  to   space 4096K, 0% used [0x00000000e3400000,0x00000000e3400000,0x00000000e3800000)
 ParOldGen       total 65536K, used 1925K [0x00000000a0000000, 0x00000000a4000000, 0x00000000e0000000)
  object space 65536K, 2% used [0x00000000a0000000,0x00000000a01e14f0,0x00000000a4000000)
 Metaspace       used 15568K, capacity 15920K, committed 16256K, reserved 1062912K
  class space    used 2200K, capacity 2314K, committed 2432K, reserved 1048576K
Event: 1.271 GC heap after
Heap after GC invocations=4 (full 0):
 PSYoungGen      total 53248K, used 4096K [0x00000000e0000000, 0x00000000e3800000, 0x0000000100000000)
  eden space 49152K, 0% used [0x00000000e0000000,0x00000000e0000000,0x00000000e3000000)
  from space 4096K, 100% used [0x00000000e3400000,0x00000000e3800000,0x00000000e3800000)
  to   space 4096K, 0% used [0x00000000e3000000,0x00000000e3000000,0x00000000e3400000)
 ParOldGen       total 65536K, used 4953K [0x00000000a0000000, 0x00000000a4000000, 0x00000000e0000000)
  object space 65536K, 7% used [0x00000000a0000000,0x00000000a04d6610,0x00000000a4000000)
 Metaspace       used 15568K, capacity 15920K, committed 16256K, reserved 1062912K
  class space    used 2200K, capacity 2314K, committed 2432K, reserved 1048576K
}
Event: 1.683 GC heap before
{Heap before GC invocations=5 (full 0):
 PSYoungGen      total 53248K, used 32631K [0x00000000e0000000, 0x00000000e3800000, 0x0000000100000000)
  eden space 49152K, 58% used [0x00000000e0000000,0x00000000e1bddea0,0x00000000e3000000)
  from space 4096K, 100% used [0x00000000e3400000,0x00000000e3800000,0x00000000e3800000)
  to   space 4096K, 0% used [0x00000000e3000000,0x00000000e3000000,0x00000000e3400000)
 ParOldGen       total 65536K, used 4953K [0x00000000a0000000, 0x00000000a4000000, 0x00000000e0000000)
  object space 65536K, 7% used [0x00000000a0000000,0x00000000a04d6610,0x00000000a4000000)
 Metaspace       used 20650K, capacity 21130K, committed 21248K, reserved 1067008K
  class space    used 2861K, capacity 3038K, committed 3072K, reserved 1048576K
Event: 1.690 GC heap after
Heap after GC invocations=5 (full 0):
 PSYoungGen      total 53248K, used 4084K [0x00000000e0000000, 0x00000000e7300000, 0x0000000100000000)
  eden space 49152K, 0% used [0x00000000e0000000,0x00000000e0000000,0x00000000e3000000)
  from space 4096K, 99% used [0x00000000e3000000,0x00000000e33fd020,0x00000000e3400000)
  to   space 9728K, 0% used [0x00000000e6980000,0x00000000e6980000,0x00000000e7300000)
 ParOldGen       total 65536K, used 9388K [0x00000000a0000000, 0x00000000a4000000, 0x00000000e0000000)
  object space 65536K, 14% used [0x00000000a0000000,0x00000000a092b310,0x00000000a4000000)
 Metaspace       used 20650K, capacity 21130K, committed 21248K, reserved 1067008K
  class space    used 2861K, capacity 3038K, committed 3072K, reserved 1048576K
}
Event: 1.690 GC heap before
{Heap before GC invocations=6 (full 1):
 PSYoungGen      total 53248K, used 4084K [0x00000000e0000000, 0x00000000e7300000, 0x0000000100000000)
  eden space 49152K, 0% used [0x00000000e0000000,0x00000000e0000000,0x00000000e3000000)
  from space 4096K, 99% used [0x00000000e3000000,0x00000000e33fd020,0x00000000e3400000)
  to   space 9728K, 0% used [0x00000000e6980000,0x00000000e6980000,0x00000000e7300000)
 ParOldGen       total 65536K, used 9388K [0x00000000a0000000, 0x00000000a4000000, 0x00000000e0000000)
  object space 65536K, 14% used [0x00000000a0000000,0x00000000a092b310,0x00000000a4000000)
 Metaspace       used 20650K, capacity 21130K, committed 21248K, reserved 1067008K
  class space    used 2861K, capacity 3038K, committed 3072K, reserved 1048576K
Event: 1.724 GC heap after
Heap after GC invocations=6 (full 1):
 PSYoungGen      total 53248K, used 0K [0x00000000e0000000, 0x00000000e7300000, 0x0000000100000000)
  eden space 49152K, 0% used [0x00000000e0000000,0x00000000e0000000,0x00000000e3000000)
  from space 4096K, 0% used [0x00000000e3000000,0x00000000e3000000,0x00000000e3400000)
  to   space 9728K, 0% used [0x00000000e6980000,0x00000000e6980000,0x00000000e7300000)
 ParOldGen       total 48640K, used 8704K [0x00000000a0000000, 0x00000000a2f80000, 0x00000000e0000000)
  object space 48640K, 17% used [0x00000000a0000000,0x00000000a0880040,0x00000000a2f80000)
 Metaspace       used 20650K, capacity 21130K, committed 21248K, reserved 1067008K
  class space    used 2861K, capacity 3038K, committed 3072K, reserved 1048576K
}
Event: 2.208 GC heap before
{Heap before GC invocations=7 (full 1):
 PSYoungGen      total 53248K, used 49152K [0x00000000e0000000, 0x00000000e7300000, 0x0000000100000000)
  eden space 49152K, 100% used [0x00000000e0000000,0x00000000e3000000,0x00000000e3000000)
  from space 4096K, 0% used [0x00000000e3000000,0x00000000e3000000,0x00000000e3400000)
  to   space 9728K, 0% used [0x00000000e6980000,0x00000000e6980000,0x00000000e7300000)
 ParOldGen       total 48640K, used 8704K [0x00000000a0000000, 0x00000000a2f80000, 0x00000000e0000000)
  object space 48640K, 17% used [0x00000000a0000000,0x00000000a0880040,0x00000000a2f80000)
 Metaspace       used 24590K, capacity 25148K, committed 25472K, reserved 1071104K
  class space    used 3401K, capacity 3601K, committed 3712K, reserved 1048576K
Event: 2.227 GC heap after
Heap after GC invocations=7 (full 1):
 PSYoungGen      total 86016K, used 6053K [0x00000000e0000000, 0x00000000e6f80000, 0x0000000100000000)
  eden space 79872K, 0% used [0x00000000e0000000,0x00000000e0000000,0x00000000e4e00000)
  from space 6144K, 98% used [0x00000000e6980000,0x00000000e6f69540,0x00000000e6f80000)
  to   space 9216K, 0% used [0x00000000e5d80000,0x00000000e5d80000,0x00000000e6680000)
 ParOldGen       total 48640K, used 8712K [0x00000000a0000000, 0x00000000a2f80000, 0x00000000e0000000)
  object space 48640K, 17% used [0x00000000a0000000,0x00000000a0882040,0x00000000a2f80000)
 Metaspace       used 24590K, capacity 25148K, committed 25472K, reserved 1071104K
  class space    used 3401K, capacity 3601K, committed 3712K, reserved 1048576K
}

