# JRE version: OpenJDK Runtime Environment (8.0_152-b01) (build 1.8.0_152-release-915-b01)
# Java VM: OpenJDK 64-Bit Server VM (25.152-b01 mixed mode windows-amd64 compressed oops)
Heap:
 PSYoungGen      total 219136K, used 200733K [0x00000000e0000000, 0x00000000eeb80000, 0x0000000100000000)
  eden space 202240K, 91% used [0x00000000e0000000,0x00000000eb4530d8,0x00000000ec580000)
  from space 16896K, 95% used [0x00000000eda80000,0x00000000eea34458,0x00000000eeb00000)
  to   space 19456K, 0% used [0x00000000ec580000,0x00000000ec580000,0x00000000ed880000)
 ParOldGen       total 120320K, used 29814K [0x00000000a0000000, 0x00000000a7580000, 0x00000000e0000000)
  object space 120320K, 24% used [0x00000000a0000000,0x00000000a1d1d8e0,0x00000000a7580000)
 Metaspace       used 71445K, capacity 74140K, committed 74456K, reserved 1114112K
  class space    used 9071K, capacity 9695K, committed 9728K, reserved 1048576K
GC Heap History (10 events):
Event: 12.078 GC heap before
{Heap before GC invocations=13 (full 2):
 PSYoungGen      total 161792K, used 161781K [0x00000000e0000000, 0x00000000eb380000, 0x0000000100000000)
  eden space 147968K, 100% used [0x00000000e0000000,0x00000000e9080000,0x00000000e9080000)
  from space 13824K, 99% used [0x00000000ea200000,0x00000000eaf7d500,0x00000000eaf80000)
  to   space 17920K, 0% used [0x00000000e9080000,0x00000000e9080000,0x00000000ea200000)
 ParOldGen       total 78848K, used 24831K [0x00000000a0000000, 0x00000000a4d00000, 0x00000000e0000000)
  object space 78848K, 31% used [0x00000000a0000000,0x00000000a183fd70,0x00000000a4d00000)
 Metaspace       used 56452K, capacity 58104K, committed 58328K, reserved 1099776K
  class space    used 7490K, capacity 7901K, committed 7936K, reserved 1048576K
Event: 12.096 GC heap after
Heap after GC invocations=13 (full 2):
 PSYoungGen      total 165888K, used 3043K [0x00000000e0000000, 0x00000000ecc80000, 0x0000000100000000)
  eden space 147968K, 0% used [0x00000000e0000000,0x00000000e0000000,0x00000000e9080000)
  from space 17920K, 16% used [0x00000000e9080000,0x00000000e9378dc0,0x00000000ea200000)
  to   space 17920K, 0% used [0x00000000ebb00000,0x00000000ebb00000,0x00000000ecc80000)
 ParOldGen       total 78848K, used 38366K [0x00000000a0000000, 0x00000000a4d00000, 0x00000000e0000000)
  object space 78848K, 48% used [0x00000000a0000000,0x00000000a2577bb0,0x00000000a4d00000)
 Metaspace       used 56452K, capacity 58104K, committed 58328K, reserved 1099776K
  class space    used 7490K, capacity 7901K, committed 7936K, reserved 1048576K
}
Event: 12.248 GC heap before
{Heap before GC invocations=14 (full 2):
 PSYoungGen      total 165888K, used 19365K [0x00000000e0000000, 0x00000000ecc80000, 0x0000000100000000)
  eden space 147968K, 11% used [0x00000000e0000000,0x00000000e0ff0820,0x00000000e9080000)
  from space 17920K, 16% used [0x00000000e9080000,0x00000000e9378dc0,0x00000000ea200000)
  to   space 17920K, 0% used [0x00000000ebb00000,0x00000000ebb00000,0x00000000ecc80000)
 ParOldGen       total 78848K, used 38366K [0x00000000a0000000, 0x00000000a4d00000, 0x00000000e0000000)
  object space 78848K, 48% used [0x00000000a0000000,0x00000000a2577bb0,0x00000000a4d00000)
 Metaspace       used 57206K, capacity 58916K, committed 58968K, reserved 1099776K
  class space    used 7600K, capacity 8015K, committed 8064K, reserved 1048576K
Event: 12.254 GC heap after
Heap after GC invocations=14 (full 2):
 PSYoungGen      total 191488K, used 2431K [0x00000000e0000000, 0x00000000ed180000, 0x0000000100000000)
  eden space 173568K, 0% used [0x00000000e0000000,0x00000000e0000000,0x00000000ea980000)
  from space 17920K, 13% used [0x00000000ebb00000,0x00000000ebd5fd80,0x00000000ecc80000)
  to   space 17920K, 0% used [0x00000000ea980000,0x00000000ea980000,0x00000000ebb00000)
 ParOldGen       total 78848K, used 38374K [0x00000000a0000000, 0x00000000a4d00000, 0x00000000e0000000)
  object space 78848K, 48% used [0x00000000a0000000,0x00000000a2579bb0,0x00000000a4d00000)
 Metaspace       used 57206K, capacity 58916K, committed 58968K, reserved 1099776K
  class space    used 7600K, capacity 8015K, committed 8064K, reserved 1048576K
}
Event: 12.254 GC heap before
{Heap before GC invocations=15 (full 3):
 PSYoungGen      total 191488K, used 2431K [0x00000000e0000000, 0x00000000ed180000, 0x0000000100000000)
  eden space 173568K, 0% used [0x00000000e0000000,0x00000000e0000000,0x00000000ea980000)
  from space 17920K, 13% used [0x00000000ebb00000,0x00000000ebd5fd80,0x00000000ecc80000)
  to   space 17920K, 0% used [0x00000000ea980000,0x00000000ea980000,0x00000000ebb00000)
 ParOldGen       total 78848K, used 38374K [0x00000000a0000000, 0x00000000a4d00000, 0x00000000e0000000)
  object space 78848K, 48% used [0x00000000a0000000,0x00000000a2579bb0,0x00000000a4d00000)
 Metaspace       used 57206K, capacity 58916K, committed 58968K, reserved 1099776K
  class space    used 7600K, capacity 8015K, committed 8064K, reserved 1048576K
Event: 12.433 GC heap after
Heap after GC invocations=15 (full 3):
 PSYoungGen      total 191488K, used 0K [0x00000000e0000000, 0x00000000ed180000, 0x0000000100000000)
  eden space 173568K, 0% used [0x00000000e0000000,0x00000000e0000000,0x00000000ea980000)
  from space 17920K, 0% used [0x00000000ebb00000,0x00000000ebb00000,0x00000000ecc80000)
  to   space 17920K, 0% used [0x00000000ea980000,0x00000000ea980000,0x00000000ebb00000)
 ParOldGen       total 120320K, used 29798K [0x00000000a0000000, 0x00000000a7580000, 0x00000000e0000000)
  object space 120320K, 24% used [0x00000000a0000000,0x00000000a1d198e0,0x00000000a7580000)
 Metaspace       used 57206K, capacity 58916K, committed 58968K, reserved 1099776K
  class space    used 7600K, capacity 8015K, committed 8064K, reserved 1048576K
}
Event: 59.250 GC heap before
{Heap before GC invocations=16 (full 3):
 PSYoungGen      total 191488K, used 173568K [0x00000000e0000000, 0x00000000ed180000, 0x0000000100000000)
  eden space 173568K, 100% used [0x00000000e0000000,0x00000000ea980000,0x00000000ea980000)
  from space 17920K, 0% used [0x00000000ebb00000,0x00000000ebb00000,0x00000000ecc80000)
  to   space 17920K, 0% used [0x00000000ea980000,0x00000000ea980000,0x00000000ebb00000)
 ParOldGen       total 120320K, used 29798K [0x00000000a0000000, 0x00000000a7580000, 0x00000000e0000000)
  object space 120320K, 24% used [0x00000000a0000000,0x00000000a1d198e0,0x00000000a7580000)
 Metaspace       used 61754K, capacity 64068K, committed 64216K, reserved 1105920K
  class space    used 8041K, capacity 8597K, committed 8704K, reserved 1048576K
Event: 59.257 GC heap after
Heap after GC invocations=16 (full 3):
 PSYoungGen      total 191488K, used 6816K [0x00000000e0000000, 0x00000000eeb00000, 0x0000000100000000)
  eden space 173568K, 0% used [0x00000000e0000000,0x00000000e0000000,0x00000000ea980000)
  from space 17920K, 38% used [0x00000000ea980000,0x00000000eb0281a0,0x00000000ebb00000)
  to   space 16896K, 0% used [0x00000000eda80000,0x00000000eda80000,0x00000000eeb00000)
 ParOldGen       total 120320K, used 29806K [0x00000000a0000000, 0x00000000a7580000, 0x00000000e0000000)
  object space 120320K, 24% used [0x00000000a0000000,0x00000000a1d1b8e0,0x00000000a7580000)
 Metaspace       used 61754K, capacity 64068K, committed 64216K, reserved 1105920K
  class space    used 8041K, capacity 8597K, committed 8704K, reserved 1048576K
}
Event: 62.141 GC heap before
{Heap before GC invocations=17 (full 3):
 PSYoungGen      total 191488K, used 180384K [0x00000000e0000000, 0x00000000eeb00000, 0x0000000100000000)
  eden space 173568K, 100% used [0x00000000e0000000,0x00000000ea980000,0x00000000ea980000)
  from space 17920K, 38% used [0x00000000ea980000,0x00000000eb0281a0,0x00000000ebb00000)
  to   space 16896K, 0% used [0x00000000eda80000,0x00000000eda80000,0x00000000eeb00000)
 ParOldGen       total 120320K, used 29806K [0x00000000a0000000, 0x00000000a7580000, 0x00000000e0000000)
  object space 120320K, 24% used [0x00000000a0000000,0x00000000a1d1b8e0,0x00000000a7580000)
 Metaspace       used 68459K, capacity 71202K, committed 71384K, reserved 1112064K
  class space    used 8829K, capacity 9464K, committed 9472K, reserved 1048576K
Event: 62.153 GC heap after
Heap after GC invocations=17 (full 3):
 PSYoungGen      total 219136K, used 16081K [0x00000000e0000000, 0x00000000eeb80000, 0x0000000100000000)
  eden space 202240K, 0% used [0x00000000e0000000,0x00000000e0000000,0x00000000ec580000)
  from space 16896K, 95% used [0x00000000eda80000,0x00000000eea34458,0x00000000eeb00000)
  to   space 19456K, 0% used [0x00000000ec580000,0x00000000ec580000,0x00000000ed880000)
 ParOldGen       total 120320K, used 29814K [0x00000000a0000000, 0x00000000a7580000, 0x00000000e0000000)
  object space 120320K, 24% used [0x00000000a0000000,0x00000000a1d1d8e0,0x00000000a7580000)
 Metaspace       used 68459K, capacity 71202K, committed 71384K, reserved 1112064K
  class space    used 8829K, capacity 9464K, committed 9472K, reserved 1048576K
}

