# JRE version: OpenJDK Runtime Environment (8.0_152-b01) (build 1.8.0_152-release-915-b01)
# Java VM: OpenJDK 64-Bit Server VM (25.152-b01 mixed mode windows-amd64 compressed oops)
Heap:
 PSYoungGen      total 422912K, used 422427K [0x00000000e0000000, 0x00000000fce00000, 0x0000000100000000)
  eden space 408064K, 100% used [0x00000000e0000000,0x00000000f8e80000,0x00000000f8e80000)
  from space 14848K, 96% used [0x00000000fbf80000,0x00000000fcd86d98,0x00000000fce00000)
  to   space 26624K, 39% used [0x00000000f9a00000,0x00000000fa438110,0x00000000fb400000)
 ParOldGen       total 105984K, used 54249K [0x00000000a0000000, 0x00000000a6780000, 0x00000000e0000000)
  object space 105984K, 51% used [0x00000000a0000000,0x00000000a34fa550,0x00000000a6780000)
 Metaspace       used 75605K, capacity 79744K, committed 79872K, reserved 1118208K
  class space    used 9939K, capacity 10888K, committed 11008K, reserved 1048576K
GC Heap History (10 events):
Event: 7.170 GC heap after
Heap after GC invocations=9 (full 2):
 PSYoungGen      total 184320K, used 0K [0x00000000e0000000, 0x00000000f4000000, 0x0000000100000000)
  eden space 170496K, 0% used [0x00000000e0000000,0x00000000e0000000,0x00000000ea680000)
  from space 13824K, 0% used [0x00000000ea680000,0x00000000ea680000,0x00000000eb400000)
  to   space 13312K, 0% used [0x00000000f3300000,0x00000000f3300000,0x00000000f4000000)
 ParOldGen       total 58368K, used 14692K [0x00000000a0000000, 0x00000000a3900000, 0x00000000e0000000)
  object space 58368K, 25% used [0x00000000a0000000,0x00000000a0e59328,0x00000000a3900000)
 Metaspace       used 34483K, capacity 35240K, committed 35416K, reserved 1079296K
  class space    used 4722K, capacity 5034K, committed 5120K, reserved 1048576K
}
Event: 8.662 GC heap before
{Heap before GC invocations=10 (full 2):
 PSYoungGen      total 184320K, used 170496K [0x00000000e0000000, 0x00000000f4000000, 0x0000000100000000)
  eden space 170496K, 100% used [0x00000000e0000000,0x00000000ea680000,0x00000000ea680000)
  from space 13824K, 0% used [0x00000000ea680000,0x00000000ea680000,0x00000000eb400000)
  to   space 13312K, 0% used [0x00000000f3300000,0x00000000f3300000,0x00000000f4000000)
 ParOldGen       total 58368K, used 14692K [0x00000000a0000000, 0x00000000a3900000, 0x00000000e0000000)
  object space 58368K, 25% used [0x00000000a0000000,0x00000000a0e59328,0x00000000a3900000)
 Metaspace       used 47822K, capacity 48980K, committed 49152K, reserved 1091584K
  class space    used 6423K, capacity 6848K, committed 6912K, reserved 1048576K
Event: 8.675 GC heap after
Heap after GC invocations=10 (full 2):
 PSYoungGen      total 310784K, used 13301K [0x00000000e0000000, 0x00000000f4b00000, 0x0000000100000000)
  eden space 297472K, 0% used [0x00000000e0000000,0x00000000e0000000,0x00000000f2280000)
  from space 13312K, 99% used [0x00000000f3300000,0x00000000f3ffd5f0,0x00000000f4000000)
  to   space 16896K, 0% used [0x00000000f2280000,0x00000000f2280000,0x00000000f3300000)
 ParOldGen       total 58368K, used 18331K [0x00000000a0000000, 0x00000000a3900000, 0x00000000e0000000)
  object space 58368K, 31% used [0x00000000a0000000,0x00000000a11e6f80,0x00000000a3900000)
 Metaspace       used 47822K, capacity 48980K, committed 49152K, reserved 1091584K
  class space    used 6423K, capacity 6848K, committed 6912K, reserved 1048576K
}
Event: 10.773 GC heap before
{Heap before GC invocations=11 (full 2):
 PSYoungGen      total 310784K, used 254162K [0x00000000e0000000, 0x00000000f4b00000, 0x0000000100000000)
  eden space 297472K, 80% used [0x00000000e0000000,0x00000000eeb37300,0x00000000f2280000)
  from space 13312K, 99% used [0x00000000f3300000,0x00000000f3ffd5f0,0x00000000f4000000)
  to   space 16896K, 0% used [0x00000000f2280000,0x00000000f2280000,0x00000000f3300000)
 ParOldGen       total 58368K, used 18331K [0x00000000a0000000, 0x00000000a3900000, 0x00000000e0000000)
  object space 58368K, 31% used [0x00000000a0000000,0x00000000a11e6f80,0x00000000a3900000)
 Metaspace       used 56524K, capacity 58846K, committed 59028K, reserved 1099776K
  class space    used 7731K, capacity 8329K, committed 8448K, reserved 1048576K
Event: 10.805 GC heap after
Heap after GC invocations=11 (full 2):
 PSYoungGen      total 314368K, used 16873K [0x00000000e0000000, 0x00000000fda00000, 0x0000000100000000)
  eden space 297472K, 0% used [0x00000000e0000000,0x00000000e0000000,0x00000000f2280000)
  from space 16896K, 99% used [0x00000000f2280000,0x00000000f32fa7b0,0x00000000f3300000)
  to   space 27136K, 0% used [0x00000000fbf80000,0x00000000fbf80000,0x00000000fda00000)
 ParOldGen       total 58368K, used 37741K [0x00000000a0000000, 0x00000000a3900000, 0x00000000e0000000)
  object space 58368K, 64% used [0x00000000a0000000,0x00000000a24db7d0,0x00000000a3900000)
 Metaspace       used 56524K, capacity 58846K, committed 59028K, reserved 1099776K
  class space    used 7731K, capacity 8329K, committed 8448K, reserved 1048576K
}
Event: 10.805 GC heap before
{Heap before GC invocations=12 (full 3):
 PSYoungGen      total 314368K, used 16873K [0x00000000e0000000, 0x00000000fda00000, 0x0000000100000000)
  eden space 297472K, 0% used [0x00000000e0000000,0x00000000e0000000,0x00000000f2280000)
  from space 16896K, 99% used [0x00000000f2280000,0x00000000f32fa7b0,0x00000000f3300000)
  to   space 27136K, 0% used [0x00000000fbf80000,0x00000000fbf80000,0x00000000fda00000)
 ParOldGen       total 58368K, used 37741K [0x00000000a0000000, 0x00000000a3900000, 0x00000000e0000000)
  object space 58368K, 64% used [0x00000000a0000000,0x00000000a24db7d0,0x00000000a3900000)
 Metaspace       used 56524K, capacity 58846K, committed 59028K, reserved 1099776K
  class space    used 7731K, capacity 8329K, committed 8448K, reserved 1048576K
Event: 11.041 GC heap after
Heap after GC invocations=12 (full 3):
 PSYoungGen      total 314368K, used 0K [0x00000000e0000000, 0x00000000fda00000, 0x0000000100000000)
  eden space 297472K, 0% used [0x00000000e0000000,0x00000000e0000000,0x00000000f2280000)
  from space 16896K, 0% used [0x00000000f2280000,0x00000000f2280000,0x00000000f3300000)
  to   space 27136K, 0% used [0x00000000fbf80000,0x00000000fbf80000,0x00000000fda00000)
 ParOldGen       total 105984K, used 49221K [0x00000000a0000000, 0x00000000a6780000, 0x00000000e0000000)
  object space 105984K, 46% used [0x00000000a0000000,0x00000000a30117a0,0x00000000a6780000)
 Metaspace       used 56524K, capacity 58846K, committed 59028K, reserved 1099776K
  class space    used 7731K, capacity 8329K, committed 8448K, reserved 1048576K
}
Event: 49.092 GC heap before
{Heap before GC invocations=13 (full 3):
 PSYoungGen      total 314368K, used 297472K [0x00000000e0000000, 0x00000000fda00000, 0x0000000100000000)
  eden space 297472K, 100% used [0x00000000e0000000,0x00000000f2280000,0x00000000f2280000)
  from space 16896K, 0% used [0x00000000f2280000,0x00000000f2280000,0x00000000f3300000)
  to   space 27136K, 0% used [0x00000000fbf80000,0x00000000fbf80000,0x00000000fda00000)
 ParOldGen       total 105984K, used 49221K [0x00000000a0000000, 0x00000000a6780000, 0x00000000e0000000)
  object space 105984K, 46% used [0x00000000a0000000,0x00000000a30117a0,0x00000000a6780000)
 Metaspace       used 63391K, capacity 66600K, committed 66944K, reserved 1107968K
  class space    used 8480K, capacity 9246K, committed 9344K, reserved 1048576K
Event: 49.109 GC heap after
Heap after GC invocations=13 (full 3):
 PSYoungGen      total 422912K, used 14363K [0x00000000e0000000, 0x00000000fce00000, 0x0000000100000000)
  eden space 408064K, 0% used [0x00000000e0000000,0x00000000e0000000,0x00000000f8e80000)
  from space 14848K, 96% used [0x00000000fbf80000,0x00000000fcd86d98,0x00000000fce00000)
  to   space 26624K, 0% used [0x00000000f9a00000,0x00000000f9a00000,0x00000000fb400000)
 ParOldGen       total 105984K, used 49229K [0x00000000a0000000, 0x00000000a6780000, 0x00000000e0000000)
  object space 105984K, 46% used [0x00000000a0000000,0x00000000a30137a0,0x00000000a6780000)
 Metaspace       used 63391K, capacity 66600K, committed 66944K, reserved 1107968K
  class space    used 8480K, capacity 9246K, committed 9344K, reserved 1048576K
}
Event: 322.866 GC heap before
{Heap before GC invocations=14 (full 3):
 PSYoungGen      total 422912K, used 422427K [0x00000000e0000000, 0x00000000fce00000, 0x0000000100000000)
  eden space 408064K, 100% used [0x00000000e0000000,0x00000000f8e80000,0x00000000f8e80000)
  from space 14848K, 96% used [0x00000000fbf80000,0x00000000fcd86d98,0x00000000fce00000)
  to   space 26624K, 0% used [0x00000000f9a00000,0x00000000f9a00000,0x00000000fb400000)
 ParOldGen       total 105984K, used 49229K [0x00000000a0000000, 0x00000000a6780000, 0x00000000e0000000)
  object space 105984K, 46% used [0x00000000a0000000,0x00000000a30137a0,0x00000000a6780000)
 Metaspace       used 75605K, capacity 79744K, committed 79872K, reserved 1118208K
  class space    used 9939K, capacity 10888K, committed 11008K, reserved 1048576K

